The target system is: Arduino -  - 
The host system is: Darwin - 17.7.0 - x86_64
Compiling the C compiler identification source file "CMakeCCompilerId.c" succeeded.
Compiler: /Applications/Arduino.app/Contents/Java/hardware/tools/avr/bin/avr-gcc 
Build flags: 
Id flags:  

The output was:
0


Compilation of the C compiler identification source "CMakeCCompilerId.c" produced "a.out"

The C compiler identification is GNU, found in "/Users/igor/sites/Pet-AVContol/main/cmake-build-debug/CMakeFiles/3.15.3/CompilerIdC/a.out"

Compiling the CXX compiler identification source file "CMakeCXXCompilerId.cpp" succeeded.
Compiler: /Applications/Arduino.app/Contents/Java/hardware/tools/avr/bin/avr-g++ 
Build flags: 
Id flags:  

The output was:
0


Compilation of the CXX compiler identification source "CMakeCXXCompilerId.cpp" produced "a.out"

The CXX compiler identification is GNU, found in "/Users/igor/sites/Pet-AVContol/main/cmake-build-debug/CMakeFiles/3.15.3/CompilerIdCXX/a.out"

Determining if the C compiler works passed with the following output:
Change Dir: /Users/igor/sites/Pet-AVContol/main/cmake-build-debug/CMakeFiles/CMakeTmp

Run Build Command(s):/usr/bin/make cmTC_12e17/fast && /Applications/Xcode.app/Contents/Developer/usr/bin/make -f CMakeFiles/cmTC_12e17.dir/build.make CMakeFiles/cmTC_12e17.dir/build
Building C object CMakeFiles/cmTC_12e17.dir/testCCompiler.c.obj
/Applications/Arduino.app/Contents/Java/hardware/tools/avr/bin/avr-gcc   -g -Os -w -ffunction-sections -fdata-sections -MMD    -o CMakeFiles/cmTC_12e17.dir/testCCompiler.c.obj   -c /Users/igor/sites/Pet-AVContol/main/cmake-build-debug/CMakeFiles/CMakeTmp/testCCompiler.c
Linking C executable cmTC_12e17
/Applications/CLion.app/Contents/bin/cmake/mac/bin/cmake -E cmake_link_script CMakeFiles/cmTC_12e17.dir/link.txt --verbose=1
/Applications/Arduino.app/Contents/Java/hardware/tools/avr/bin/avr-gcc -g -Os -w -ffunction-sections -fdata-sections -MMD   -w -Os -Wl,--gc-sections  CMakeFiles/cmTC_12e17.dir/testCCompiler.c.obj  -o cmTC_12e17 



Detecting C compiler ABI info compiled with the following output:
Change Dir: /Users/igor/sites/Pet-AVContol/main/cmake-build-debug/CMakeFiles/CMakeTmp

Run Build Command(s):/usr/bin/make cmTC_5f463/fast && /Applications/Xcode.app/Contents/Developer/usr/bin/make -f CMakeFiles/cmTC_5f463.dir/build.make CMakeFiles/cmTC_5f463.dir/build
Building C object CMakeFiles/cmTC_5f463.dir/CMakeCCompilerABI.c.obj
/Applications/Arduino.app/Contents/Java/hardware/tools/avr/bin/avr-gcc   -g -Os -w -ffunction-sections -fdata-sections -MMD    -v -o CMakeFiles/cmTC_5f463.dir/CMakeCCompilerABI.c.obj   -c /Applications/CLion.app/Contents/bin/cmake/mac/share/cmake-3.15/Modules/CMakeCCompilerABI.c
Using built-in specs.
Reading specs from /Applications/Arduino.app/Contents/Java/hardware/tools/avr/bin/../lib/gcc/avr/7.3.0/device-specs/specs-avr2
COLLECT_GCC=/Applications/Arduino.app/Contents/Java/hardware/tools/avr/bin/avr-gcc
Target: avr
Configured with: ../gcc/configure --enable-fixed-point --enable-languages=c,c++ --prefix=/Users/jenkins/jenkins/workspace/avr-gcc-staging/label/mac-mini/objdir --disable-nls --disable-libssp --disable-libada --disable-shared --with-avrlibc=yes --with-dwarf2 --disable-doc --target=avr
Thread model: single
gcc version 7.3.0 (GCC) 
COLLECT_GCC_OPTIONS='-g' '-Os' '-w' '-ffunction-sections' '-fdata-sections' '-MMD' '-v' '-o' 'CMakeFiles/cmTC_5f463.dir/CMakeCCompilerABI.c.obj' '-c' '-specs=device-specs/specs-avr2'
 /Applications/Arduino.app/Contents/Java/hardware/tools/avr/bin/../libexec/gcc/avr/7.3.0/cc1 -quiet -v -iprefix /Applications/Arduino.app/Contents/Java/hardware/tools/avr/bin/../lib/gcc/avr/7.3.0/ -MMD CMakeFiles/cmTC_5f463.dir/CMakeCCompilerABI.c.d -MQ CMakeFiles/cmTC_5f463.dir/CMakeCCompilerABI.c.obj /Applications/CLion.app/Contents/bin/cmake/mac/share/cmake-3.15/Modules/CMakeCCompilerABI.c -mn-flash=6 -mskip-bug -quiet -dumpbase CMakeCCompilerABI.c -auxbase-strip CMakeFiles/cmTC_5f463.dir/CMakeCCompilerABI.c.obj -g -Os -w -version -ffunction-sections -fdata-sections -o /var/folders/2r/q8vbg3hd42x_q6my4m2pqddh0000gn/T//cceBAGRF.s
GNU C11 (GCC) version 7.3.0 (avr)
	compiled by GNU C version 4.2.1 Compatible Apple LLVM 8.1.0 (clang-802.0.38), GMP version 5.0.2, MPFR version 3.1.0, MPC version 0.9, isl version none
GGC heuristics: --param ggc-min-expand=100 --param ggc-min-heapsize=131072
ignoring nonexistent directory "/Applications/Arduino.app/Contents/Java/hardware/tools/avr/bin/../lib/gcc/avr/7.3.0/../../../../avr/sys-include"
ignoring duplicate directory "/Applications/Arduino.app/Contents/Java/hardware/tools/avr/bin/../lib/gcc/../../lib/gcc/avr/7.3.0/include"
ignoring duplicate directory "/Applications/Arduino.app/Contents/Java/hardware/tools/avr/bin/../lib/gcc/../../lib/gcc/avr/7.3.0/include-fixed"
ignoring nonexistent directory "/Applications/Arduino.app/Contents/Java/hardware/tools/avr/bin/../lib/gcc/../../lib/gcc/avr/7.3.0/../../../../avr/sys-include"
ignoring duplicate directory "/Applications/Arduino.app/Contents/Java/hardware/tools/avr/bin/../lib/gcc/../../lib/gcc/avr/7.3.0/../../../../avr/include"
#include "..." search starts here:
#include <...> search starts here:
 /Applications/Arduino.app/Contents/Java/hardware/tools/avr/bin/../lib/gcc/avr/7.3.0/include
 /Applications/Arduino.app/Contents/Java/hardware/tools/avr/bin/../lib/gcc/avr/7.3.0/include-fixed
 /Applications/Arduino.app/Contents/Java/hardware/tools/avr/bin/../lib/gcc/avr/7.3.0/../../../../avr/include
End of search list.
GNU C11 (GCC) version 7.3.0 (avr)
	compiled by GNU C version 4.2.1 Compatible Apple LLVM 8.1.0 (clang-802.0.38), GMP version 5.0.2, MPFR version 3.1.0, MPC version 0.9, isl version none
GGC heuristics: --param ggc-min-expand=100 --param ggc-min-heapsize=131072
Compiler executable checksum: 877db8e667c28afb4384e71038db0373
COLLECT_GCC_OPTIONS='-g' '-Os' '-w' '-ffunction-sections' '-fdata-sections' '-MMD' '-v' '-o' 'CMakeFiles/cmTC_5f463.dir/CMakeCCompilerABI.c.obj' '-c' '-specs=device-specs/specs-avr2'
 /Applications/Arduino.app/Contents/Java/hardware/tools/avr/bin/../lib/gcc/avr/7.3.0/../../../../avr/bin/as -mmcu=avr2 -o CMakeFiles/cmTC_5f463.dir/CMakeCCompilerABI.c.obj /var/folders/2r/q8vbg3hd42x_q6my4m2pqddh0000gn/T//cceBAGRF.s
COMPILER_PATH=/Applications/Arduino.app/Contents/Java/hardware/tools/avr/bin/../libexec/gcc/avr/7.3.0/:/Applications/Arduino.app/Contents/Java/hardware/tools/avr/bin/../libexec/gcc/:/Applications/Arduino.app/Contents/Java/hardware/tools/avr/bin/../lib/gcc/avr/7.3.0/../../../../avr/bin/
LIBRARY_PATH=/Applications/Arduino.app/Contents/Java/hardware/tools/avr/bin/../lib/gcc/avr/7.3.0/:/Applications/Arduino.app/Contents/Java/hardware/tools/avr/bin/../lib/gcc/:/Applications/Arduino.app/Contents/Java/hardware/tools/avr/bin/../lib/gcc/avr/7.3.0/../../../../avr/lib/
COLLECT_GCC_OPTIONS='-g' '-Os' '-w' '-ffunction-sections' '-fdata-sections' '-MMD' '-v' '-o' 'CMakeFiles/cmTC_5f463.dir/CMakeCCompilerABI.c.obj' '-c' '-specs=device-specs/specs-avr2'
Linking C executable cmTC_5f463
/Applications/CLion.app/Contents/bin/cmake/mac/bin/cmake -E cmake_link_script CMakeFiles/cmTC_5f463.dir/link.txt --verbose=1
/Applications/Arduino.app/Contents/Java/hardware/tools/avr/bin/avr-gcc -g -Os -w -ffunction-sections -fdata-sections -MMD   -w -Os -Wl,--gc-sections -v CMakeFiles/cmTC_5f463.dir/CMakeCCompilerABI.c.obj  -o cmTC_5f463 
Using built-in specs.
Reading specs from /Applications/Arduino.app/Contents/Java/hardware/tools/avr/bin/../lib/gcc/avr/7.3.0/device-specs/specs-avr2
COLLECT_GCC=/Applications/Arduino.app/Contents/Java/hardware/tools/avr/bin/avr-gcc
COLLECT_LTO_WRAPPER=/Applications/Arduino.app/Contents/Java/hardware/tools/avr/bin/../libexec/gcc/avr/7.3.0/lto-wrapper
Target: avr
Configured with: ../gcc/configure --enable-fixed-point --enable-languages=c,c++ --prefix=/Users/jenkins/jenkins/workspace/avr-gcc-staging/label/mac-mini/objdir --disable-nls --disable-libssp --disable-libada --disable-shared --with-avrlibc=yes --with-dwarf2 --disable-doc --target=avr
Thread model: single
gcc version 7.3.0 (GCC) 
COMPILER_PATH=/Applications/Arduino.app/Contents/Java/hardware/tools/avr/bin/../libexec/gcc/avr/7.3.0/:/Applications/Arduino.app/Contents/Java/hardware/tools/avr/bin/../libexec/gcc/:/Applications/Arduino.app/Contents/Java/hardware/tools/avr/bin/../lib/gcc/avr/7.3.0/../../../../avr/bin/
LIBRARY_PATH=/Applications/Arduino.app/Contents/Java/hardware/tools/avr/bin/../lib/gcc/avr/7.3.0/:/Applications/Arduino.app/Contents/Java/hardware/tools/avr/bin/../lib/gcc/:/Applications/Arduino.app/Contents/Java/hardware/tools/avr/bin/../lib/gcc/avr/7.3.0/../../../../avr/lib/
COLLECT_GCC_OPTIONS='-g' '-Os' '-w' '-ffunction-sections' '-fdata-sections' '-MMD' '-w' '-Os' '-v' '-o' 'cmTC_5f463' '-specs=device-specs/specs-avr2'
 /Applications/Arduino.app/Contents/Java/hardware/tools/avr/bin/../libexec/gcc/avr/7.3.0/collect2 -plugin /Applications/Arduino.app/Contents/Java/hardware/tools/avr/bin/../libexec/gcc/avr/7.3.0/liblto_plugin.so -plugin-opt=/Applications/Arduino.app/Contents/Java/hardware/tools/avr/bin/../libexec/gcc/avr/7.3.0/lto-wrapper -plugin-opt=-fresolution=/var/folders/2r/q8vbg3hd42x_q6my4m2pqddh0000gn/T//ccNW85hd.res -plugin-opt=-pass-through=-lgcc -plugin-opt=-pass-through=-lm -plugin-opt=-pass-through=-lc -o cmTC_5f463 -L/Applications/Arduino.app/Contents/Java/hardware/tools/avr/bin/../lib/gcc/avr/7.3.0 -L/Applications/Arduino.app/Contents/Java/hardware/tools/avr/bin/../lib/gcc -L/Applications/Arduino.app/Contents/Java/hardware/tools/avr/bin/../lib/gcc/avr/7.3.0/../../../../avr/lib --gc-sections CMakeFiles/cmTC_5f463.dir/CMakeCCompilerABI.c.obj --start-group -lgcc -lm -lc --end-group
COLLECT_GCC_OPTIONS='-g' '-Os' '-w' '-ffunction-sections' '-fdata-sections' '-MMD' '-w' '-Os' '-v' '-o' 'cmTC_5f463' '-specs=device-specs/specs-avr2'



Parsed C implicit include dir info from above output: rv=done
  found start of include info
  found start of implicit include info
    add: [/Applications/Arduino.app/Contents/Java/hardware/tools/avr/bin/../lib/gcc/avr/7.3.0/include]
    add: [/Applications/Arduino.app/Contents/Java/hardware/tools/avr/bin/../lib/gcc/avr/7.3.0/include-fixed]
    add: [/Applications/Arduino.app/Contents/Java/hardware/tools/avr/bin/../lib/gcc/avr/7.3.0/../../../../avr/include]
  end of search list found
  collapse include dir [/Applications/Arduino.app/Contents/Java/hardware/tools/avr/bin/../lib/gcc/avr/7.3.0/include] ==> [/Applications/Arduino.app/Contents/Java/hardware/tools/avr/lib/gcc/avr/7.3.0/include]
  collapse include dir [/Applications/Arduino.app/Contents/Java/hardware/tools/avr/bin/../lib/gcc/avr/7.3.0/include-fixed] ==> [/Applications/Arduino.app/Contents/Java/hardware/tools/avr/lib/gcc/avr/7.3.0/include-fixed]
  collapse include dir [/Applications/Arduino.app/Contents/Java/hardware/tools/avr/bin/../lib/gcc/avr/7.3.0/../../../../avr/include] ==> [/Applications/Arduino.app/Contents/Java/hardware/tools/avr/avr/include]
  implicit include dirs: [/Applications/Arduino.app/Contents/Java/hardware/tools/avr/lib/gcc/avr/7.3.0/include;/Applications/Arduino.app/Contents/Java/hardware/tools/avr/lib/gcc/avr/7.3.0/include-fixed;/Applications/Arduino.app/Contents/Java/hardware/tools/avr/avr/include]


Parsed C implicit link information from above output:
  link line regex: [^( *|.*[/\])(avr-ld|CMAKE_LINK_STARTFILE-NOTFOUND|([^/\]+-)?ld|collect2)[^/\]*( |$)]
  ignore line: [Change Dir: /Users/igor/sites/Pet-AVContol/main/cmake-build-debug/CMakeFiles/CMakeTmp]
  ignore line: []
  ignore line: [Run Build Command(s):/usr/bin/make cmTC_5f463/fast && /Applications/Xcode.app/Contents/Developer/usr/bin/make -f CMakeFiles/cmTC_5f463.dir/build.make CMakeFiles/cmTC_5f463.dir/build]
  ignore line: [Building C object CMakeFiles/cmTC_5f463.dir/CMakeCCompilerABI.c.obj]
  ignore line: [/Applications/Arduino.app/Contents/Java/hardware/tools/avr/bin/avr-gcc   -g -Os -w -ffunction-sections -fdata-sections -MMD    -v -o CMakeFiles/cmTC_5f463.dir/CMakeCCompilerABI.c.obj   -c /Applications/CLion.app/Contents/bin/cmake/mac/share/cmake-3.15/Modules/CMakeCCompilerABI.c]
  ignore line: [Using built-in specs.]
  ignore line: [Reading specs from /Applications/Arduino.app/Contents/Java/hardware/tools/avr/bin/../lib/gcc/avr/7.3.0/device-specs/specs-avr2]
  ignore line: [COLLECT_GCC=/Applications/Arduino.app/Contents/Java/hardware/tools/avr/bin/avr-gcc]
  ignore line: [Target: avr]
  ignore line: [Configured with: ../gcc/configure --enable-fixed-point --enable-languages=c,c++ --prefix=/Users/jenkins/jenkins/workspace/avr-gcc-staging/label/mac-mini/objdir --disable-nls --disable-libssp --disable-libada --disable-shared --with-avrlibc=yes --with-dwarf2 --disable-doc --target=avr]
  ignore line: [Thread model: single]
  ignore line: [gcc version 7.3.0 (GCC) ]
  ignore line: [COLLECT_GCC_OPTIONS='-g' '-Os' '-w' '-ffunction-sections' '-fdata-sections' '-MMD' '-v' '-o' 'CMakeFiles/cmTC_5f463.dir/CMakeCCompilerABI.c.obj' '-c' '-specs=device-specs/specs-avr2']
  ignore line: [ /Applications/Arduino.app/Contents/Java/hardware/tools/avr/bin/../libexec/gcc/avr/7.3.0/cc1 -quiet -v -iprefix /Applications/Arduino.app/Contents/Java/hardware/tools/avr/bin/../lib/gcc/avr/7.3.0/ -MMD CMakeFiles/cmTC_5f463.dir/CMakeCCompilerABI.c.d -MQ CMakeFiles/cmTC_5f463.dir/CMakeCCompilerABI.c.obj /Applications/CLion.app/Contents/bin/cmake/mac/share/cmake-3.15/Modules/CMakeCCompilerABI.c -mn-flash=6 -mskip-bug -quiet -dumpbase CMakeCCompilerABI.c -auxbase-strip CMakeFiles/cmTC_5f463.dir/CMakeCCompilerABI.c.obj -g -Os -w -version -ffunction-sections -fdata-sections -o /var/folders/2r/q8vbg3hd42x_q6my4m2pqddh0000gn/T//cceBAGRF.s]
  ignore line: [GNU C11 (GCC) version 7.3.0 (avr)]
  ignore line: [	compiled by GNU C version 4.2.1 Compatible Apple LLVM 8.1.0 (clang-802.0.38), GMP version 5.0.2, MPFR version 3.1.0, MPC version 0.9, isl version none]
  ignore line: [GGC heuristics: --param ggc-min-expand=100 --param ggc-min-heapsize=131072]
  ignore line: [ignoring nonexistent directory "/Applications/Arduino.app/Contents/Java/hardware/tools/avr/bin/../lib/gcc/avr/7.3.0/../../../../avr/sys-include"]
  ignore line: [ignoring duplicate directory "/Applications/Arduino.app/Contents/Java/hardware/tools/avr/bin/../lib/gcc/../../lib/gcc/avr/7.3.0/include"]
  ignore line: [ignoring duplicate directory "/Applications/Arduino.app/Contents/Java/hardware/tools/avr/bin/../lib/gcc/../../lib/gcc/avr/7.3.0/include-fixed"]
  ignore line: [ignoring nonexistent directory "/Applications/Arduino.app/Contents/Java/hardware/tools/avr/bin/../lib/gcc/../../lib/gcc/avr/7.3.0/../../../../avr/sys-include"]
  ignore line: [ignoring duplicate directory "/Applications/Arduino.app/Contents/Java/hardware/tools/avr/bin/../lib/gcc/../../lib/gcc/avr/7.3.0/../../../../avr/include"]
  ignore line: [#include "..." search starts here:]
  ignore line: [#include <...> search starts here:]
  ignore line: [ /Applications/Arduino.app/Contents/Java/hardware/tools/avr/bin/../lib/gcc/avr/7.3.0/include]
  ignore line: [ /Applications/Arduino.app/Contents/Java/hardware/tools/avr/bin/../lib/gcc/avr/7.3.0/include-fixed]
  ignore line: [ /Applications/Arduino.app/Contents/Java/hardware/tools/avr/bin/../lib/gcc/avr/7.3.0/../../../../avr/include]
  ignore line: [End of search list.]
  ignore line: [GNU C11 (GCC) version 7.3.0 (avr)]
  ignore line: [	compiled by GNU C version 4.2.1 Compatible Apple LLVM 8.1.0 (clang-802.0.38), GMP version 5.0.2, MPFR version 3.1.0, MPC version 0.9, isl version none]
  ignore line: [GGC heuristics: --param ggc-min-expand=100 --param ggc-min-heapsize=131072]
  ignore line: [Compiler executable checksum: 877db8e667c28afb4384e71038db0373]
  ignore line: [COLLECT_GCC_OPTIONS='-g' '-Os' '-w' '-ffunction-sections' '-fdata-sections' '-MMD' '-v' '-o' 'CMakeFiles/cmTC_5f463.dir/CMakeCCompilerABI.c.obj' '-c' '-specs=device-specs/specs-avr2']
  ignore line: [ /Applications/Arduino.app/Contents/Java/hardware/tools/avr/bin/../lib/gcc/avr/7.3.0/../../../../avr/bin/as -mmcu=avr2 -o CMakeFiles/cmTC_5f463.dir/CMakeCCompilerABI.c.obj /var/folders/2r/q8vbg3hd42x_q6my4m2pqddh0000gn/T//cceBAGRF.s]
  ignore line: [COMPILER_PATH=/Applications/Arduino.app/Contents/Java/hardware/tools/avr/bin/../libexec/gcc/avr/7.3.0/:/Applications/Arduino.app/Contents/Java/hardware/tools/avr/bin/../libexec/gcc/:/Applications/Arduino.app/Contents/Java/hardware/tools/avr/bin/../lib/gcc/avr/7.3.0/../../../../avr/bin/]
  ignore line: [LIBRARY_PATH=/Applications/Arduino.app/Contents/Java/hardware/tools/avr/bin/../lib/gcc/avr/7.3.0/:/Applications/Arduino.app/Contents/Java/hardware/tools/avr/bin/../lib/gcc/:/Applications/Arduino.app/Contents/Java/hardware/tools/avr/bin/../lib/gcc/avr/7.3.0/../../../../avr/lib/]
  ignore line: [COLLECT_GCC_OPTIONS='-g' '-Os' '-w' '-ffunction-sections' '-fdata-sections' '-MMD' '-v' '-o' 'CMakeFiles/cmTC_5f463.dir/CMakeCCompilerABI.c.obj' '-c' '-specs=device-specs/specs-avr2']
  ignore line: [Linking C executable cmTC_5f463]
  ignore line: [/Applications/CLion.app/Contents/bin/cmake/mac/bin/cmake -E cmake_link_script CMakeFiles/cmTC_5f463.dir/link.txt --verbose=1]
  ignore line: [/Applications/Arduino.app/Contents/Java/hardware/tools/avr/bin/avr-gcc -g -Os -w -ffunction-sections -fdata-sections -MMD   -w -Os -Wl,--gc-sections -v CMakeFiles/cmTC_5f463.dir/CMakeCCompilerABI.c.obj  -o cmTC_5f463 ]
  ignore line: [Using built-in specs.]
  ignore line: [Reading specs from /Applications/Arduino.app/Contents/Java/hardware/tools/avr/bin/../lib/gcc/avr/7.3.0/device-specs/specs-avr2]
  ignore line: [COLLECT_GCC=/Applications/Arduino.app/Contents/Java/hardware/tools/avr/bin/avr-gcc]
  ignore line: [COLLECT_LTO_WRAPPER=/Applications/Arduino.app/Contents/Java/hardware/tools/avr/bin/../libexec/gcc/avr/7.3.0/lto-wrapper]
  ignore line: [Target: avr]
  ignore line: [Configured with: ../gcc/configure --enable-fixed-point --enable-languages=c,c++ --prefix=/Users/jenkins/jenkins/workspace/avr-gcc-staging/label/mac-mini/objdir --disable-nls --disable-libssp --disable-libada --disable-shared --with-avrlibc=yes --with-dwarf2 --disable-doc --target=avr]
  ignore line: [Thread model: single]
  ignore line: [gcc version 7.3.0 (GCC) ]
  ignore line: [COMPILER_PATH=/Applications/Arduino.app/Contents/Java/hardware/tools/avr/bin/../libexec/gcc/avr/7.3.0/:/Applications/Arduino.app/Contents/Java/hardware/tools/avr/bin/../libexec/gcc/:/Applications/Arduino.app/Contents/Java/hardware/tools/avr/bin/../lib/gcc/avr/7.3.0/../../../../avr/bin/]
  ignore line: [LIBRARY_PATH=/Applications/Arduino.app/Contents/Java/hardware/tools/avr/bin/../lib/gcc/avr/7.3.0/:/Applications/Arduino.app/Contents/Java/hardware/tools/avr/bin/../lib/gcc/:/Applications/Arduino.app/Contents/Java/hardware/tools/avr/bin/../lib/gcc/avr/7.3.0/../../../../avr/lib/]
  ignore line: [COLLECT_GCC_OPTIONS='-g' '-Os' '-w' '-ffunction-sections' '-fdata-sections' '-MMD' '-w' '-Os' '-v' '-o' 'cmTC_5f463' '-specs=device-specs/specs-avr2']
  link line: [ /Applications/Arduino.app/Contents/Java/hardware/tools/avr/bin/../libexec/gcc/avr/7.3.0/collect2 -plugin /Applications/Arduino.app/Contents/Java/hardware/tools/avr/bin/../libexec/gcc/avr/7.3.0/liblto_plugin.so -plugin-opt=/Applications/Arduino.app/Contents/Java/hardware/tools/avr/bin/../libexec/gcc/avr/7.3.0/lto-wrapper -plugin-opt=-fresolution=/var/folders/2r/q8vbg3hd42x_q6my4m2pqddh0000gn/T//ccNW85hd.res -plugin-opt=-pass-through=-lgcc -plugin-opt=-pass-through=-lm -plugin-opt=-pass-through=-lc -o cmTC_5f463 -L/Applications/Arduino.app/Contents/Java/hardware/tools/avr/bin/../lib/gcc/avr/7.3.0 -L/Applications/Arduino.app/Contents/Java/hardware/tools/avr/bin/../lib/gcc -L/Applications/Arduino.app/Contents/Java/hardware/tools/avr/bin/../lib/gcc/avr/7.3.0/../../../../avr/lib --gc-sections CMakeFiles/cmTC_5f463.dir/CMakeCCompilerABI.c.obj --start-group -lgcc -lm -lc --end-group]
    arg [/Applications/Arduino.app/Contents/Java/hardware/tools/avr/bin/../libexec/gcc/avr/7.3.0/collect2] ==> ignore
    arg [-plugin] ==> ignore
    arg [/Applications/Arduino.app/Contents/Java/hardware/tools/avr/bin/../libexec/gcc/avr/7.3.0/liblto_plugin.so] ==> ignore
    arg [-plugin-opt=/Applications/Arduino.app/Contents/Java/hardware/tools/avr/bin/../libexec/gcc/avr/7.3.0/lto-wrapper] ==> ignore
    arg [-plugin-opt=-fresolution=/var/folders/2r/q8vbg3hd42x_q6my4m2pqddh0000gn/T//ccNW85hd.res] ==> ignore
    arg [-plugin-opt=-pass-through=-lgcc] ==> ignore
    arg [-plugin-opt=-pass-through=-lm] ==> ignore
    arg [-plugin-opt=-pass-through=-lc] ==> ignore
    arg [-o] ==> ignore
    arg [cmTC_5f463] ==> ignore
    arg [-L/Applications/Arduino.app/Contents/Java/hardware/tools/avr/bin/../lib/gcc/avr/7.3.0] ==> dir [/Applications/Arduino.app/Contents/Java/hardware/tools/avr/bin/../lib/gcc/avr/7.3.0]
    arg [-L/Applications/Arduino.app/Contents/Java/hardware/tools/avr/bin/../lib/gcc] ==> dir [/Applications/Arduino.app/Contents/Java/hardware/tools/avr/bin/../lib/gcc]
    arg [-L/Applications/Arduino.app/Contents/Java/hardware/tools/avr/bin/../lib/gcc/avr/7.3.0/../../../../avr/lib] ==> dir [/Applications/Arduino.app/Contents/Java/hardware/tools/avr/bin/../lib/gcc/avr/7.3.0/../../../../avr/lib]
    arg [--gc-sections] ==> ignore
    arg [CMakeFiles/cmTC_5f463.dir/CMakeCCompilerABI.c.obj] ==> ignore
    arg [--start-group] ==> ignore
    arg [-lgcc] ==> lib [gcc]
    arg [-lm] ==> lib [m]
    arg [-lc] ==> lib [c]
    arg [--end-group] ==> ignore
  collapse library dir [/Applications/Arduino.app/Contents/Java/hardware/tools/avr/bin/../lib/gcc/avr/7.3.0] ==> [/Applications/Arduino.app/Contents/Java/hardware/tools/avr/lib/gcc/avr/7.3.0]
  collapse library dir [/Applications/Arduino.app/Contents/Java/hardware/tools/avr/bin/../lib/gcc] ==> [/Applications/Arduino.app/Contents/Java/hardware/tools/avr/lib/gcc]
  collapse library dir [/Applications/Arduino.app/Contents/Java/hardware/tools/avr/bin/../lib/gcc/avr/7.3.0/../../../../avr/lib] ==> [/Applications/Arduino.app/Contents/Java/hardware/tools/avr/avr/lib]
  implicit libs: [gcc;m;c]
  implicit dirs: [/Applications/Arduino.app/Contents/Java/hardware/tools/avr/lib/gcc/avr/7.3.0;/Applications/Arduino.app/Contents/Java/hardware/tools/avr/lib/gcc;/Applications/Arduino.app/Contents/Java/hardware/tools/avr/avr/lib]
  implicit fwks: []


Determining if the CXX compiler works passed with the following output:
Change Dir: /Users/igor/sites/Pet-AVContol/main/cmake-build-debug/CMakeFiles/CMakeTmp

Run Build Command(s):/usr/bin/make cmTC_046eb/fast && /Applications/Xcode.app/Contents/Developer/usr/bin/make -f CMakeFiles/cmTC_046eb.dir/build.make CMakeFiles/cmTC_046eb.dir/build
Building CXX object CMakeFiles/cmTC_046eb.dir/testCXXCompiler.cxx.obj
/Applications/Arduino.app/Contents/Java/hardware/tools/avr/bin/avr-g++    -g -Os -w -fno-exceptions -ffunction-sections -fdata-sections -fno-threadsafe-statics -MMD    -o CMakeFiles/cmTC_046eb.dir/testCXXCompiler.cxx.obj -c /Users/igor/sites/Pet-AVContol/main/cmake-build-debug/CMakeFiles/CMakeTmp/testCXXCompiler.cxx
Linking CXX executable cmTC_046eb
/Applications/CLion.app/Contents/bin/cmake/mac/bin/cmake -E cmake_link_script CMakeFiles/cmTC_046eb.dir/link.txt --verbose=1
/Applications/Arduino.app/Contents/Java/hardware/tools/avr/bin/avr-g++  -g -Os -w -fno-exceptions -ffunction-sections -fdata-sections -fno-threadsafe-statics -MMD   -w -Os -Wl,--gc-sections  CMakeFiles/cmTC_046eb.dir/testCXXCompiler.cxx.obj  -o cmTC_046eb 



Detecting CXX compiler ABI info compiled with the following output:
Change Dir: /Users/igor/sites/Pet-AVContol/main/cmake-build-debug/CMakeFiles/CMakeTmp

Run Build Command(s):/usr/bin/make cmTC_de278/fast && /Applications/Xcode.app/Contents/Developer/usr/bin/make -f CMakeFiles/cmTC_de278.dir/build.make CMakeFiles/cmTC_de278.dir/build
Building CXX object CMakeFiles/cmTC_de278.dir/CMakeCXXCompilerABI.cpp.obj
/Applications/Arduino.app/Contents/Java/hardware/tools/avr/bin/avr-g++    -g -Os -w -fno-exceptions -ffunction-sections -fdata-sections -fno-threadsafe-statics -MMD    -v -o CMakeFiles/cmTC_de278.dir/CMakeCXXCompilerABI.cpp.obj -c /Applications/CLion.app/Contents/bin/cmake/mac/share/cmake-3.15/Modules/CMakeCXXCompilerABI.cpp
Using built-in specs.
Reading specs from /Applications/Arduino.app/Contents/Java/hardware/tools/avr/bin/../lib/gcc/avr/7.3.0/device-specs/specs-avr2
COLLECT_GCC=/Applications/Arduino.app/Contents/Java/hardware/tools/avr/bin/avr-g++
Target: avr
Configured with: ../gcc/configure --enable-fixed-point --enable-languages=c,c++ --prefix=/Users/jenkins/jenkins/workspace/avr-gcc-staging/label/mac-mini/objdir --disable-nls --disable-libssp --disable-libada --disable-shared --with-avrlibc=yes --with-dwarf2 --disable-doc --target=avr
Thread model: single
gcc version 7.3.0 (GCC) 
COLLECT_GCC_OPTIONS='-g' '-Os' '-w' '-fno-exceptions' '-ffunction-sections' '-fdata-sections' '-fno-threadsafe-statics' '-MMD' '-v' '-o' 'CMakeFiles/cmTC_de278.dir/CMakeCXXCompilerABI.cpp.obj' '-c' '-specs=device-specs/specs-avr2'
 /Applications/Arduino.app/Contents/Java/hardware/tools/avr/bin/../libexec/gcc/avr/7.3.0/cc1plus -quiet -v -iprefix /Applications/Arduino.app/Contents/Java/hardware/tools/avr/bin/../lib/gcc/avr/7.3.0/ -MMD CMakeFiles/cmTC_de278.dir/CMakeCXXCompilerABI.cpp.d -MQ CMakeFiles/cmTC_de278.dir/CMakeCXXCompilerABI.cpp.obj /Applications/CLion.app/Contents/bin/cmake/mac/share/cmake-3.15/Modules/CMakeCXXCompilerABI.cpp -mn-flash=6 -mskip-bug -quiet -dumpbase CMakeCXXCompilerABI.cpp -auxbase-strip CMakeFiles/cmTC_de278.dir/CMakeCXXCompilerABI.cpp.obj -g -Os -w -version -fno-exceptions -ffunction-sections -fdata-sections -fno-threadsafe-statics -mn-flash=6 -mskip-bug -fno-rtti -fno-enforce-eh-specs -fno-exceptions -o /var/folders/2r/q8vbg3hd42x_q6my4m2pqddh0000gn/T//ccm1Gf9P.s
GNU C++14 (GCC) version 7.3.0 (avr)
	compiled by GNU C version 4.2.1 Compatible Apple LLVM 8.1.0 (clang-802.0.38), GMP version 5.0.2, MPFR version 3.1.0, MPC version 0.9, isl version none
GGC heuristics: --param ggc-min-expand=100 --param ggc-min-heapsize=131072
ignoring nonexistent directory "/Applications/Arduino.app/Contents/Java/hardware/tools/avr/bin/../lib/gcc/avr/7.3.0/../../../../avr/include/c++/7.3.0"
ignoring nonexistent directory "/Applications/Arduino.app/Contents/Java/hardware/tools/avr/bin/../lib/gcc/avr/7.3.0/../../../../avr/include/c++/7.3.0/avr"
ignoring nonexistent directory "/Applications/Arduino.app/Contents/Java/hardware/tools/avr/bin/../lib/gcc/avr/7.3.0/../../../../avr/include/c++/7.3.0/backward"
ignoring nonexistent directory "/Applications/Arduino.app/Contents/Java/hardware/tools/avr/bin/../lib/gcc/avr/7.3.0/../../../../avr/sys-include"
ignoring nonexistent directory "/Applications/Arduino.app/Contents/Java/hardware/tools/avr/bin/../lib/gcc/../../lib/gcc/avr/7.3.0/../../../../avr/include/c++/7.3.0"
ignoring nonexistent directory "/Applications/Arduino.app/Contents/Java/hardware/tools/avr/bin/../lib/gcc/../../lib/gcc/avr/7.3.0/../../../../avr/include/c++/7.3.0/avr"
ignoring nonexistent directory "/Applications/Arduino.app/Contents/Java/hardware/tools/avr/bin/../lib/gcc/../../lib/gcc/avr/7.3.0/../../../../avr/include/c++/7.3.0/backward"
ignoring duplicate directory "/Applications/Arduino.app/Contents/Java/hardware/tools/avr/bin/../lib/gcc/../../lib/gcc/avr/7.3.0/include"
ignoring duplicate directory "/Applications/Arduino.app/Contents/Java/hardware/tools/avr/bin/../lib/gcc/../../lib/gcc/avr/7.3.0/include-fixed"
ignoring nonexistent directory "/Applications/Arduino.app/Contents/Java/hardware/tools/avr/bin/../lib/gcc/../../lib/gcc/avr/7.3.0/../../../../avr/sys-include"
ignoring duplicate directory "/Applications/Arduino.app/Contents/Java/hardware/tools/avr/bin/../lib/gcc/../../lib/gcc/avr/7.3.0/../../../../avr/include"
#include "..." search starts here:
#include <...> search starts here:
 /Applications/Arduino.app/Contents/Java/hardware/tools/avr/bin/../lib/gcc/avr/7.3.0/include
 /Applications/Arduino.app/Contents/Java/hardware/tools/avr/bin/../lib/gcc/avr/7.3.0/include-fixed
 /Applications/Arduino.app/Contents/Java/hardware/tools/avr/bin/../lib/gcc/avr/7.3.0/../../../../avr/include
End of search list.
GNU C++14 (GCC) version 7.3.0 (avr)
	compiled by GNU C version 4.2.1 Compatible Apple LLVM 8.1.0 (clang-802.0.38), GMP version 5.0.2, MPFR version 3.1.0, MPC version 0.9, isl version none
GGC heuristics: --param ggc-min-expand=100 --param ggc-min-heapsize=131072
Compiler executable checksum: d29517aadee47ae2ad83928b972d8dfb
COLLECT_GCC_OPTIONS='-g' '-Os' '-w' '-fno-exceptions' '-ffunction-sections' '-fdata-sections' '-fno-threadsafe-statics' '-MMD' '-v' '-o' 'CMakeFiles/cmTC_de278.dir/CMakeCXXCompilerABI.cpp.obj' '-c' '-specs=device-specs/specs-avr2'
 /Applications/Arduino.app/Contents/Java/hardware/tools/avr/bin/../lib/gcc/avr/7.3.0/../../../../avr/bin/as -mmcu=avr2 -o CMakeFiles/cmTC_de278.dir/CMakeCXXCompilerABI.cpp.obj /var/folders/2r/q8vbg3hd42x_q6my4m2pqddh0000gn/T//ccm1Gf9P.s
COMPILER_PATH=/Applications/Arduino.app/Contents/Java/hardware/tools/avr/bin/../libexec/gcc/avr/7.3.0/:/Applications/Arduino.app/Contents/Java/hardware/tools/avr/bin/../libexec/gcc/:/Applications/Arduino.app/Contents/Java/hardware/tools/avr/bin/../lib/gcc/avr/7.3.0/../../../../avr/bin/
LIBRARY_PATH=/Applications/Arduino.app/Contents/Java/hardware/tools/avr/bin/../lib/gcc/avr/7.3.0/:/Applications/Arduino.app/Contents/Java/hardware/tools/avr/bin/../lib/gcc/:/Applications/Arduino.app/Contents/Java/hardware/tools/avr/bin/../lib/gcc/avr/7.3.0/../../../../avr/lib/
COLLECT_GCC_OPTIONS='-g' '-Os' '-w' '-fno-exceptions' '-ffunction-sections' '-fdata-sections' '-fno-threadsafe-statics' '-MMD' '-v' '-o' 'CMakeFiles/cmTC_de278.dir/CMakeCXXCompilerABI.cpp.obj' '-c' '-specs=device-specs/specs-avr2'
Linking CXX executable cmTC_de278
/Applications/CLion.app/Contents/bin/cmake/mac/bin/cmake -E cmake_link_script CMakeFiles/cmTC_de278.dir/link.txt --verbose=1
/Applications/Arduino.app/Contents/Java/hardware/tools/avr/bin/avr-g++  -g -Os -w -fno-exceptions -ffunction-sections -fdata-sections -fno-threadsafe-statics -MMD   -w -Os -Wl,--gc-sections -v CMakeFiles/cmTC_de278.dir/CMakeCXXCompilerABI.cpp.obj  -o cmTC_de278 
Using built-in specs.
Reading specs from /Applications/Arduino.app/Contents/Java/hardware/tools/avr/bin/../lib/gcc/avr/7.3.0/device-specs/specs-avr2
COLLECT_GCC=/Applications/Arduino.app/Contents/Java/hardware/tools/avr/bin/avr-g++
COLLECT_LTO_WRAPPER=/Applications/Arduino.app/Contents/Java/hardware/tools/avr/bin/../libexec/gcc/avr/7.3.0/lto-wrapper
Target: avr
Configured with: ../gcc/configure --enable-fixed-point --enable-languages=c,c++ --prefix=/Users/jenkins/jenkins/workspace/avr-gcc-staging/label/mac-mini/objdir --disable-nls --disable-libssp --disable-libada --disable-shared --with-avrlibc=yes --with-dwarf2 --disable-doc --target=avr
Thread model: single
gcc version 7.3.0 (GCC) 
COMPILER_PATH=/Applications/Arduino.app/Contents/Java/hardware/tools/avr/bin/../libexec/gcc/avr/7.3.0/:/Applications/Arduino.app/Contents/Java/hardware/tools/avr/bin/../libexec/gcc/:/Applications/Arduino.app/Contents/Java/hardware/tools/avr/bin/../lib/gcc/avr/7.3.0/../../../../avr/bin/
LIBRARY_PATH=/Applications/Arduino.app/Contents/Java/hardware/tools/avr/bin/../lib/gcc/avr/7.3.0/:/Applications/Arduino.app/Contents/Java/hardware/tools/avr/bin/../lib/gcc/:/Applications/Arduino.app/Contents/Java/hardware/tools/avr/bin/../lib/gcc/avr/7.3.0/../../../../avr/lib/
COLLECT_GCC_OPTIONS='-g' '-Os' '-w' '-fno-exceptions' '-ffunction-sections' '-fdata-sections' '-fno-threadsafe-statics' '-MMD' '-w' '-Os' '-v' '-o' 'cmTC_de278' '-specs=device-specs/specs-avr2'
 /Applications/Arduino.app/Contents/Java/hardware/tools/avr/bin/../libexec/gcc/avr/7.3.0/collect2 -plugin /Applications/Arduino.app/Contents/Java/hardware/tools/avr/bin/../libexec/gcc/avr/7.3.0/liblto_plugin.so -plugin-opt=/Applications/Arduino.app/Contents/Java/hardware/tools/avr/bin/../libexec/gcc/avr/7.3.0/lto-wrapper -plugin-opt=-fresolution=/var/folders/2r/q8vbg3hd42x_q6my4m2pqddh0000gn/T//ccJ1uqAX.res -plugin-opt=-pass-through=-lgcc -plugin-opt=-pass-through=-lm -plugin-opt=-pass-through=-lc -o cmTC_de278 -L/Applications/Arduino.app/Contents/Java/hardware/tools/avr/bin/../lib/gcc/avr/7.3.0 -L/Applications/Arduino.app/Contents/Java/hardware/tools/avr/bin/../lib/gcc -L/Applications/Arduino.app/Contents/Java/hardware/tools/avr/bin/../lib/gcc/avr/7.3.0/../../../../avr/lib --gc-sections CMakeFiles/cmTC_de278.dir/CMakeCXXCompilerABI.cpp.obj -lgcc -lm --start-group -lgcc -lm -lc --end-group
COLLECT_GCC_OPTIONS='-g' '-Os' '-w' '-fno-exceptions' '-ffunction-sections' '-fdata-sections' '-fno-threadsafe-statics' '-MMD' '-w' '-Os' '-v' '-o' 'cmTC_de278' '-specs=device-specs/specs-avr2'



Parsed CXX implicit include dir info from above output: rv=done
  found start of include info
  found start of implicit include info
    add: [/Applications/Arduino.app/Contents/Java/hardware/tools/avr/bin/../lib/gcc/avr/7.3.0/include]
    add: [/Applications/Arduino.app/Contents/Java/hardware/tools/avr/bin/../lib/gcc/avr/7.3.0/include-fixed]
    add: [/Applications/Arduino.app/Contents/Java/hardware/tools/avr/bin/../lib/gcc/avr/7.3.0/../../../../avr/include]
  end of search list found
  collapse include dir [/Applications/Arduino.app/Contents/Java/hardware/tools/avr/bin/../lib/gcc/avr/7.3.0/include] ==> [/Applications/Arduino.app/Contents/Java/hardware/tools/avr/lib/gcc/avr/7.3.0/include]
  collapse include dir [/Applications/Arduino.app/Contents/Java/hardware/tools/avr/bin/../lib/gcc/avr/7.3.0/include-fixed] ==> [/Applications/Arduino.app/Contents/Java/hardware/tools/avr/lib/gcc/avr/7.3.0/include-fixed]
  collapse include dir [/Applications/Arduino.app/Contents/Java/hardware/tools/avr/bin/../lib/gcc/avr/7.3.0/../../../../avr/include] ==> [/Applications/Arduino.app/Contents/Java/hardware/tools/avr/avr/include]
  implicit include dirs: [/Applications/Arduino.app/Contents/Java/hardware/tools/avr/lib/gcc/avr/7.3.0/include;/Applications/Arduino.app/Contents/Java/hardware/tools/avr/lib/gcc/avr/7.3.0/include-fixed;/Applications/Arduino.app/Contents/Java/hardware/tools/avr/avr/include]


Parsed CXX implicit link information from above output:
  link line regex: [^( *|.*[/\])(avr-ld|CMAKE_LINK_STARTFILE-NOTFOUND|([^/\]+-)?ld|collect2)[^/\]*( |$)]
  ignore line: [Change Dir: /Users/igor/sites/Pet-AVContol/main/cmake-build-debug/CMakeFiles/CMakeTmp]
  ignore line: []
  ignore line: [Run Build Command(s):/usr/bin/make cmTC_de278/fast && /Applications/Xcode.app/Contents/Developer/usr/bin/make -f CMakeFiles/cmTC_de278.dir/build.make CMakeFiles/cmTC_de278.dir/build]
  ignore line: [Building CXX object CMakeFiles/cmTC_de278.dir/CMakeCXXCompilerABI.cpp.obj]
  ignore line: [/Applications/Arduino.app/Contents/Java/hardware/tools/avr/bin/avr-g++    -g -Os -w -fno-exceptions -ffunction-sections -fdata-sections -fno-threadsafe-statics -MMD    -v -o CMakeFiles/cmTC_de278.dir/CMakeCXXCompilerABI.cpp.obj -c /Applications/CLion.app/Contents/bin/cmake/mac/share/cmake-3.15/Modules/CMakeCXXCompilerABI.cpp]
  ignore line: [Using built-in specs.]
  ignore line: [Reading specs from /Applications/Arduino.app/Contents/Java/hardware/tools/avr/bin/../lib/gcc/avr/7.3.0/device-specs/specs-avr2]
  ignore line: [COLLECT_GCC=/Applications/Arduino.app/Contents/Java/hardware/tools/avr/bin/avr-g++]
  ignore line: [Target: avr]
  ignore line: [Configured with: ../gcc/configure --enable-fixed-point --enable-languages=c,c++ --prefix=/Users/jenkins/jenkins/workspace/avr-gcc-staging/label/mac-mini/objdir --disable-nls --disable-libssp --disable-libada --disable-shared --with-avrlibc=yes --with-dwarf2 --disable-doc --target=avr]
  ignore line: [Thread model: single]
  ignore line: [gcc version 7.3.0 (GCC) ]
  ignore line: [COLLECT_GCC_OPTIONS='-g' '-Os' '-w' '-fno-exceptions' '-ffunction-sections' '-fdata-sections' '-fno-threadsafe-statics' '-MMD' '-v' '-o' 'CMakeFiles/cmTC_de278.dir/CMakeCXXCompilerABI.cpp.obj' '-c' '-specs=device-specs/specs-avr2']
  ignore line: [ /Applications/Arduino.app/Contents/Java/hardware/tools/avr/bin/../libexec/gcc/avr/7.3.0/cc1plus -quiet -v -iprefix /Applications/Arduino.app/Contents/Java/hardware/tools/avr/bin/../lib/gcc/avr/7.3.0/ -MMD CMakeFiles/cmTC_de278.dir/CMakeCXXCompilerABI.cpp.d -MQ CMakeFiles/cmTC_de278.dir/CMakeCXXCompilerABI.cpp.obj /Applications/CLion.app/Contents/bin/cmake/mac/share/cmake-3.15/Modules/CMakeCXXCompilerABI.cpp -mn-flash=6 -mskip-bug -quiet -dumpbase CMakeCXXCompilerABI.cpp -auxbase-strip CMakeFiles/cmTC_de278.dir/CMakeCXXCompilerABI.cpp.obj -g -Os -w -version -fno-exceptions -ffunction-sections -fdata-sections -fno-threadsafe-statics -mn-flash=6 -mskip-bug -fno-rtti -fno-enforce-eh-specs -fno-exceptions -o /var/folders/2r/q8vbg3hd42x_q6my4m2pqddh0000gn/T//ccm1Gf9P.s]
  ignore line: [GNU C++14 (GCC) version 7.3.0 (avr)]
  ignore line: [	compiled by GNU C version 4.2.1 Compatible Apple LLVM 8.1.0 (clang-802.0.38), GMP version 5.0.2, MPFR version 3.1.0, MPC version 0.9, isl version none]
  ignore line: [GGC heuristics: --param ggc-min-expand=100 --param ggc-min-heapsize=131072]
  ignore line: [ignoring nonexistent directory "/Applications/Arduino.app/Contents/Java/hardware/tools/avr/bin/../lib/gcc/avr/7.3.0/../../../../avr/include/c++/7.3.0"]
  ignore line: [ignoring nonexistent directory "/Applications/Arduino.app/Contents/Java/hardware/tools/avr/bin/../lib/gcc/avr/7.3.0/../../../../avr/include/c++/7.3.0/avr"]
  ignore line: [ignoring nonexistent directory "/Applications/Arduino.app/Contents/Java/hardware/tools/avr/bin/../lib/gcc/avr/7.3.0/../../../../avr/include/c++/7.3.0/backward"]
  ignore line: [ignoring nonexistent directory "/Applications/Arduino.app/Contents/Java/hardware/tools/avr/bin/../lib/gcc/avr/7.3.0/../../../../avr/sys-include"]
  ignore line: [ignoring nonexistent directory "/Applications/Arduino.app/Contents/Java/hardware/tools/avr/bin/../lib/gcc/../../lib/gcc/avr/7.3.0/../../../../avr/include/c++/7.3.0"]
  ignore line: [ignoring nonexistent directory "/Applications/Arduino.app/Contents/Java/hardware/tools/avr/bin/../lib/gcc/../../lib/gcc/avr/7.3.0/../../../../avr/include/c++/7.3.0/avr"]
  ignore line: [ignoring nonexistent directory "/Applications/Arduino.app/Contents/Java/hardware/tools/avr/bin/../lib/gcc/../../lib/gcc/avr/7.3.0/../../../../avr/include/c++/7.3.0/backward"]
  ignore line: [ignoring duplicate directory "/Applications/Arduino.app/Contents/Java/hardware/tools/avr/bin/../lib/gcc/../../lib/gcc/avr/7.3.0/include"]
  ignore line: [ignoring duplicate directory "/Applications/Arduino.app/Contents/Java/hardware/tools/avr/bin/../lib/gcc/../../lib/gcc/avr/7.3.0/include-fixed"]
  ignore line: [ignoring nonexistent directory "/Applications/Arduino.app/Contents/Java/hardware/tools/avr/bin/../lib/gcc/../../lib/gcc/avr/7.3.0/../../../../avr/sys-include"]
  ignore line: [ignoring duplicate directory "/Applications/Arduino.app/Contents/Java/hardware/tools/avr/bin/../lib/gcc/../../lib/gcc/avr/7.3.0/../../../../avr/include"]
  ignore line: [#include "..." search starts here:]
  ignore line: [#include <...> search starts here:]
  ignore line: [ /Applications/Arduino.app/Contents/Java/hardware/tools/avr/bin/../lib/gcc/avr/7.3.0/include]
  ignore line: [ /Applications/Arduino.app/Contents/Java/hardware/tools/avr/bin/../lib/gcc/avr/7.3.0/include-fixed]
  ignore line: [ /Applications/Arduino.app/Contents/Java/hardware/tools/avr/bin/../lib/gcc/avr/7.3.0/../../../../avr/include]
  ignore line: [End of search list.]
  ignore line: [GNU C++14 (GCC) version 7.3.0 (avr)]
  ignore line: [	compiled by GNU C version 4.2.1 Compatible Apple LLVM 8.1.0 (clang-802.0.38), GMP version 5.0.2, MPFR version 3.1.0, MPC version 0.9, isl version none]
  ignore line: [GGC heuristics: --param ggc-min-expand=100 --param ggc-min-heapsize=131072]
  ignore line: [Compiler executable checksum: d29517aadee47ae2ad83928b972d8dfb]
  ignore line: [COLLECT_GCC_OPTIONS='-g' '-Os' '-w' '-fno-exceptions' '-ffunction-sections' '-fdata-sections' '-fno-threadsafe-statics' '-MMD' '-v' '-o' 'CMakeFiles/cmTC_de278.dir/CMakeCXXCompilerABI.cpp.obj' '-c' '-specs=device-specs/specs-avr2']
  ignore line: [ /Applications/Arduino.app/Contents/Java/hardware/tools/avr/bin/../lib/gcc/avr/7.3.0/../../../../avr/bin/as -mmcu=avr2 -o CMakeFiles/cmTC_de278.dir/CMakeCXXCompilerABI.cpp.obj /var/folders/2r/q8vbg3hd42x_q6my4m2pqddh0000gn/T//ccm1Gf9P.s]
  ignore line: [COMPILER_PATH=/Applications/Arduino.app/Contents/Java/hardware/tools/avr/bin/../libexec/gcc/avr/7.3.0/:/Applications/Arduino.app/Contents/Java/hardware/tools/avr/bin/../libexec/gcc/:/Applications/Arduino.app/Contents/Java/hardware/tools/avr/bin/../lib/gcc/avr/7.3.0/../../../../avr/bin/]
  ignore line: [LIBRARY_PATH=/Applications/Arduino.app/Contents/Java/hardware/tools/avr/bin/../lib/gcc/avr/7.3.0/:/Applications/Arduino.app/Contents/Java/hardware/tools/avr/bin/../lib/gcc/:/Applications/Arduino.app/Contents/Java/hardware/tools/avr/bin/../lib/gcc/avr/7.3.0/../../../../avr/lib/]
  ignore line: [COLLECT_GCC_OPTIONS='-g' '-Os' '-w' '-fno-exceptions' '-ffunction-sections' '-fdata-sections' '-fno-threadsafe-statics' '-MMD' '-v' '-o' 'CMakeFiles/cmTC_de278.dir/CMakeCXXCompilerABI.cpp.obj' '-c' '-specs=device-specs/specs-avr2']
  ignore line: [Linking CXX executable cmTC_de278]
  ignore line: [/Applications/CLion.app/Contents/bin/cmake/mac/bin/cmake -E cmake_link_script CMakeFiles/cmTC_de278.dir/link.txt --verbose=1]
  ignore line: [/Applications/Arduino.app/Contents/Java/hardware/tools/avr/bin/avr-g++  -g -Os -w -fno-exceptions -ffunction-sections -fdata-sections -fno-threadsafe-statics -MMD   -w -Os -Wl,--gc-sections -v CMakeFiles/cmTC_de278.dir/CMakeCXXCompilerABI.cpp.obj  -o cmTC_de278 ]
  ignore line: [Using built-in specs.]
  ignore line: [Reading specs from /Applications/Arduino.app/Contents/Java/hardware/tools/avr/bin/../lib/gcc/avr/7.3.0/device-specs/specs-avr2]
  ignore line: [COLLECT_GCC=/Applications/Arduino.app/Contents/Java/hardware/tools/avr/bin/avr-g++]
  ignore line: [COLLECT_LTO_WRAPPER=/Applications/Arduino.app/Contents/Java/hardware/tools/avr/bin/../libexec/gcc/avr/7.3.0/lto-wrapper]
  ignore line: [Target: avr]
  ignore line: [Configured with: ../gcc/configure --enable-fixed-point --enable-languages=c,c++ --prefix=/Users/jenkins/jenkins/workspace/avr-gcc-staging/label/mac-mini/objdir --disable-nls --disable-libssp --disable-libada --disable-shared --with-avrlibc=yes --with-dwarf2 --disable-doc --target=avr]
  ignore line: [Thread model: single]
  ignore line: [gcc version 7.3.0 (GCC) ]
  ignore line: [COMPILER_PATH=/Applications/Arduino.app/Contents/Java/hardware/tools/avr/bin/../libexec/gcc/avr/7.3.0/:/Applications/Arduino.app/Contents/Java/hardware/tools/avr/bin/../libexec/gcc/:/Applications/Arduino.app/Contents/Java/hardware/tools/avr/bin/../lib/gcc/avr/7.3.0/../../../../avr/bin/]
  ignore line: [LIBRARY_PATH=/Applications/Arduino.app/Contents/Java/hardware/tools/avr/bin/../lib/gcc/avr/7.3.0/:/Applications/Arduino.app/Contents/Java/hardware/tools/avr/bin/../lib/gcc/:/Applications/Arduino.app/Contents/Java/hardware/tools/avr/bin/../lib/gcc/avr/7.3.0/../../../../avr/lib/]
  ignore line: [COLLECT_GCC_OPTIONS='-g' '-Os' '-w' '-fno-exceptions' '-ffunction-sections' '-fdata-sections' '-fno-threadsafe-statics' '-MMD' '-w' '-Os' '-v' '-o' 'cmTC_de278' '-specs=device-specs/specs-avr2']
  link line: [ /Applications/Arduino.app/Contents/Java/hardware/tools/avr/bin/../libexec/gcc/avr/7.3.0/collect2 -plugin /Applications/Arduino.app/Contents/Java/hardware/tools/avr/bin/../libexec/gcc/avr/7.3.0/liblto_plugin.so -plugin-opt=/Applications/Arduino.app/Contents/Java/hardware/tools/avr/bin/../libexec/gcc/avr/7.3.0/lto-wrapper -plugin-opt=-fresolution=/var/folders/2r/q8vbg3hd42x_q6my4m2pqddh0000gn/T//ccJ1uqAX.res -plugin-opt=-pass-through=-lgcc -plugin-opt=-pass-through=-lm -plugin-opt=-pass-through=-lc -o cmTC_de278 -L/Applications/Arduino.app/Contents/Java/hardware/tools/avr/bin/../lib/gcc/avr/7.3.0 -L/Applications/Arduino.app/Contents/Java/hardware/tools/avr/bin/../lib/gcc -L/Applications/Arduino.app/Contents/Java/hardware/tools/avr/bin/../lib/gcc/avr/7.3.0/../../../../avr/lib --gc-sections CMakeFiles/cmTC_de278.dir/CMakeCXXCompilerABI.cpp.obj -lgcc -lm --start-group -lgcc -lm -lc --end-group]
    arg [/Applications/Arduino.app/Contents/Java/hardware/tools/avr/bin/../libexec/gcc/avr/7.3.0/collect2] ==> ignore
    arg [-plugin] ==> ignore
    arg [/Applications/Arduino.app/Contents/Java/hardware/tools/avr/bin/../libexec/gcc/avr/7.3.0/liblto_plugin.so] ==> ignore
    arg [-plugin-opt=/Applications/Arduino.app/Contents/Java/hardware/tools/avr/bin/../libexec/gcc/avr/7.3.0/lto-wrapper] ==> ignore
    arg [-plugin-opt=-fresolution=/var/folders/2r/q8vbg3hd42x_q6my4m2pqddh0000gn/T//ccJ1uqAX.res] ==> ignore
    arg [-plugin-opt=-pass-through=-lgcc] ==> ignore
    arg [-plugin-opt=-pass-through=-lm] ==> ignore
    arg [-plugin-opt=-pass-through=-lc] ==> ignore
    arg [-o] ==> ignore
    arg [cmTC_de278] ==> ignore
    arg [-L/Applications/Arduino.app/Contents/Java/hardware/tools/avr/bin/../lib/gcc/avr/7.3.0] ==> dir [/Applications/Arduino.app/Contents/Java/hardware/tools/avr/bin/../lib/gcc/avr/7.3.0]
    arg [-L/Applications/Arduino.app/Contents/Java/hardware/tools/avr/bin/../lib/gcc] ==> dir [/Applications/Arduino.app/Contents/Java/hardware/tools/avr/bin/../lib/gcc]
    arg [-L/Applications/Arduino.app/Contents/Java/hardware/tools/avr/bin/../lib/gcc/avr/7.3.0/../../../../avr/lib] ==> dir [/Applications/Arduino.app/Contents/Java/hardware/tools/avr/bin/../lib/gcc/avr/7.3.0/../../../../avr/lib]
    arg [--gc-sections] ==> ignore
    arg [CMakeFiles/cmTC_de278.dir/CMakeCXXCompilerABI.cpp.obj] ==> ignore
    arg [-lgcc] ==> lib [gcc]
    arg [-lm] ==> lib [m]
    arg [--start-group] ==> ignore
    arg [-lgcc] ==> lib [gcc]
    arg [-lm] ==> lib [m]
    arg [-lc] ==> lib [c]
    arg [--end-group] ==> ignore
  collapse library dir [/Applications/Arduino.app/Contents/Java/hardware/tools/avr/bin/../lib/gcc/avr/7.3.0] ==> [/Applications/Arduino.app/Contents/Java/hardware/tools/avr/lib/gcc/avr/7.3.0]
  collapse library dir [/Applications/Arduino.app/Contents/Java/hardware/tools/avr/bin/../lib/gcc] ==> [/Applications/Arduino.app/Contents/Java/hardware/tools/avr/lib/gcc]
  collapse library dir [/Applications/Arduino.app/Contents/Java/hardware/tools/avr/bin/../lib/gcc/avr/7.3.0/../../../../avr/lib] ==> [/Applications/Arduino.app/Contents/Java/hardware/tools/avr/avr/lib]
  implicit libs: [gcc;m;gcc;m;c]
  implicit dirs: [/Applications/Arduino.app/Contents/Java/hardware/tools/avr/lib/gcc/avr/7.3.0;/Applications/Arduino.app/Contents/Java/hardware/tools/avr/lib/gcc;/Applications/Arduino.app/Contents/Java/hardware/tools/avr/avr/lib]
  implicit fwks: []


The target system is: Arduino -  - 
The host system is: Darwin - 17.7.0 - x86_64
Compiling the C compiler identification source file "CMakeCCompilerId.c" succeeded.
Compiler: /Applications/Arduino.app/Contents/Java/hardware/tools/avr/bin/avr-gcc 
Build flags: -g;-Os;-w;-ffunction-sections;-fdata-sections;-MMD
Id flags:  

The output was:
0


Compilation of the C compiler identification source "CMakeCCompilerId.c" produced "CMakeCCompilerId.d"

Compilation of the C compiler identification source "CMakeCCompilerId.c" produced "a.out"

The C compiler identification is GNU, found in "/Users/igor/sites/Pet-AVContol/main/cmake-build-debug/CMakeFiles/3.19.2/CompilerIdC/a.out"

Compiling the CXX compiler identification source file "CMakeCXXCompilerId.cpp" succeeded.
Compiler: /Applications/Arduino.app/Contents/Java/hardware/tools/avr/bin/avr-g++ 
Build flags: -g;-Os;-w;-fno-exceptions;-ffunction-sections;-fdata-sections;-fno-threadsafe-statics;-MMD
Id flags:  

The output was:
0


Compilation of the CXX compiler identification source "CMakeCXXCompilerId.cpp" produced "CMakeCXXCompilerId.d"

Compilation of the CXX compiler identification source "CMakeCXXCompilerId.cpp" produced "a.out"

The CXX compiler identification is GNU, found in "/Users/igor/sites/Pet-AVContol/main/cmake-build-debug/CMakeFiles/3.19.2/CompilerIdCXX/a.out"

Detecting C compiler ABI info compiled with the following output:
Change Dir: /Users/igor/sites/Pet-AVContol/main/cmake-build-debug/CMakeFiles/CMakeTmp

Run Build Command(s):/usr/bin/make cmTC_b2c09/fast && /Applications/Xcode.app/Contents/Developer/usr/bin/make  -f CMakeFiles/cmTC_b2c09.dir/build.make CMakeFiles/cmTC_b2c09.dir/build
Building C object CMakeFiles/cmTC_b2c09.dir/CMakeCCompilerABI.c.obj
/Applications/Arduino.app/Contents/Java/hardware/tools/avr/bin/avr-gcc   -g -Os -w -ffunction-sections -fdata-sections -MMD    -v -o CMakeFiles/cmTC_b2c09.dir/CMakeCCompilerABI.c.obj -c /Applications/CLion.app/Contents/bin/cmake/mac/share/cmake-3.19/Modules/CMakeCCompilerABI.c
Using built-in specs.
Reading specs from /Applications/Arduino.app/Contents/Java/hardware/tools/avr/bin/../lib/gcc/avr/7.3.0/device-specs/specs-avr2
COLLECT_GCC=/Applications/Arduino.app/Contents/Java/hardware/tools/avr/bin/avr-gcc
Target: avr
Configured with: ../gcc/configure --enable-fixed-point --enable-languages=c,c++ --prefix=/Users/jenkins/jenkins/workspace/avr-gcc-staging/label/mac-mini/objdir --disable-nls --disable-libssp --disable-libada --disable-shared --with-avrlibc=yes --with-dwarf2 --disable-doc --target=avr
Thread model: single
gcc version 7.3.0 (GCC) 
COLLECT_GCC_OPTIONS='-g' '-Os' '-w' '-ffunction-sections' '-fdata-sections' '-MMD' '-v' '-o' 'CMakeFiles/cmTC_b2c09.dir/CMakeCCompilerABI.c.obj' '-c' '-specs=device-specs/specs-avr2'
 /Applications/Arduino.app/Contents/Java/hardware/tools/avr/bin/../libexec/gcc/avr/7.3.0/cc1 -quiet -v -iprefix /Applications/Arduino.app/Contents/Java/hardware/tools/avr/bin/../lib/gcc/avr/7.3.0/ -MMD CMakeFiles/cmTC_b2c09.dir/CMakeCCompilerABI.c.d -MQ CMakeFiles/cmTC_b2c09.dir/CMakeCCompilerABI.c.obj /Applications/CLion.app/Contents/bin/cmake/mac/share/cmake-3.19/Modules/CMakeCCompilerABI.c -mn-flash=6 -mskip-bug -quiet -dumpbase CMakeCCompilerABI.c -auxbase-strip CMakeFiles/cmTC_b2c09.dir/CMakeCCompilerABI.c.obj -g -Os -w -version -ffunction-sections -fdata-sections -o /var/folders/2r/q8vbg3hd42x_q6my4m2pqddh0000gn/T//ccNNZTi7.s
GNU C11 (GCC) version 7.3.0 (avr)
	compiled by GNU C version 4.2.1 Compatible Apple LLVM 8.1.0 (clang-802.0.38), GMP version 5.0.2, MPFR version 3.1.0, MPC version 0.9, isl version none
GGC heuristics: --param ggc-min-expand=100 --param ggc-min-heapsize=131072
ignoring nonexistent directory "/Applications/Arduino.app/Contents/Java/hardware/tools/avr/bin/../lib/gcc/avr/7.3.0/../../../../avr/sys-include"
ignoring duplicate directory "/Applications/Arduino.app/Contents/Java/hardware/tools/avr/bin/../lib/gcc/../../lib/gcc/avr/7.3.0/include"
ignoring duplicate directory "/Applications/Arduino.app/Contents/Java/hardware/tools/avr/bin/../lib/gcc/../../lib/gcc/avr/7.3.0/include-fixed"
ignoring nonexistent directory "/Applications/Arduino.app/Contents/Java/hardware/tools/avr/bin/../lib/gcc/../../lib/gcc/avr/7.3.0/../../../../avr/sys-include"
ignoring duplicate directory "/Applications/Arduino.app/Contents/Java/hardware/tools/avr/bin/../lib/gcc/../../lib/gcc/avr/7.3.0/../../../../avr/include"
#include "..." search starts here:
#include <...> search starts here:
 /Applications/Arduino.app/Contents/Java/hardware/tools/avr/bin/../lib/gcc/avr/7.3.0/include
 /Applications/Arduino.app/Contents/Java/hardware/tools/avr/bin/../lib/gcc/avr/7.3.0/include-fixed
 /Applications/Arduino.app/Contents/Java/hardware/tools/avr/bin/../lib/gcc/avr/7.3.0/../../../../avr/include
End of search list.
GNU C11 (GCC) version 7.3.0 (avr)
	compiled by GNU C version 4.2.1 Compatible Apple LLVM 8.1.0 (clang-802.0.38), GMP version 5.0.2, MPFR version 3.1.0, MPC version 0.9, isl version none
GGC heuristics: --param ggc-min-expand=100 --param ggc-min-heapsize=131072
Compiler executable checksum: 877db8e667c28afb4384e71038db0373
COLLECT_GCC_OPTIONS='-g' '-Os' '-w' '-ffunction-sections' '-fdata-sections' '-MMD' '-v' '-o' 'CMakeFiles/cmTC_b2c09.dir/CMakeCCompilerABI.c.obj' '-c' '-specs=device-specs/specs-avr2'
 /Applications/Arduino.app/Contents/Java/hardware/tools/avr/bin/../lib/gcc/avr/7.3.0/../../../../avr/bin/as -mmcu=avr2 -o CMakeFiles/cmTC_b2c09.dir/CMakeCCompilerABI.c.obj /var/folders/2r/q8vbg3hd42x_q6my4m2pqddh0000gn/T//ccNNZTi7.s
COMPILER_PATH=/Applications/Arduino.app/Contents/Java/hardware/tools/avr/bin/../libexec/gcc/avr/7.3.0/:/Applications/Arduino.app/Contents/Java/hardware/tools/avr/bin/../libexec/gcc/:/Applications/Arduino.app/Contents/Java/hardware/tools/avr/bin/../lib/gcc/avr/7.3.0/../../../../avr/bin/
LIBRARY_PATH=/Applications/Arduino.app/Contents/Java/hardware/tools/avr/bin/../lib/gcc/avr/7.3.0/:/Applications/Arduino.app/Contents/Java/hardware/tools/avr/bin/../lib/gcc/:/Applications/Arduino.app/Contents/Java/hardware/tools/avr/bin/../lib/gcc/avr/7.3.0/../../../../avr/lib/
COLLECT_GCC_OPTIONS='-g' '-Os' '-w' '-ffunction-sections' '-fdata-sections' '-MMD' '-v' '-o' 'CMakeFiles/cmTC_b2c09.dir/CMakeCCompilerABI.c.obj' '-c' '-specs=device-specs/specs-avr2'
Linking C executable cmTC_b2c09
/Applications/CLion.app/Contents/bin/cmake/mac/bin/cmake -E cmake_link_script CMakeFiles/cmTC_b2c09.dir/link.txt --verbose=1
/Applications/Arduino.app/Contents/Java/hardware/tools/avr/bin/avr-gcc -g -Os -w -ffunction-sections -fdata-sections -MMD  -w -Os -Wl,--gc-sections -v CMakeFiles/cmTC_b2c09.dir/CMakeCCompilerABI.c.obj -o cmTC_b2c09 
Using built-in specs.
Reading specs from /Applications/Arduino.app/Contents/Java/hardware/tools/avr/bin/../lib/gcc/avr/7.3.0/device-specs/specs-avr2
COLLECT_GCC=/Applications/Arduino.app/Contents/Java/hardware/tools/avr/bin/avr-gcc
COLLECT_LTO_WRAPPER=/Applications/Arduino.app/Contents/Java/hardware/tools/avr/bin/../libexec/gcc/avr/7.3.0/lto-wrapper
Target: avr
Configured with: ../gcc/configure --enable-fixed-point --enable-languages=c,c++ --prefix=/Users/jenkins/jenkins/workspace/avr-gcc-staging/label/mac-mini/objdir --disable-nls --disable-libssp --disable-libada --disable-shared --with-avrlibc=yes --with-dwarf2 --disable-doc --target=avr
Thread model: single
gcc version 7.3.0 (GCC) 
COMPILER_PATH=/Applications/Arduino.app/Contents/Java/hardware/tools/avr/bin/../libexec/gcc/avr/7.3.0/:/Applications/Arduino.app/Contents/Java/hardware/tools/avr/bin/../libexec/gcc/:/Applications/Arduino.app/Contents/Java/hardware/tools/avr/bin/../lib/gcc/avr/7.3.0/../../../../avr/bin/
LIBRARY_PATH=/Applications/Arduino.app/Contents/Java/hardware/tools/avr/bin/../lib/gcc/avr/7.3.0/:/Applications/Arduino.app/Contents/Java/hardware/tools/avr/bin/../lib/gcc/:/Applications/Arduino.app/Contents/Java/hardware/tools/avr/bin/../lib/gcc/avr/7.3.0/../../../../avr/lib/
COLLECT_GCC_OPTIONS='-g' '-Os' '-w' '-ffunction-sections' '-fdata-sections' '-MMD' '-w' '-Os' '-v' '-o' 'cmTC_b2c09' '-specs=device-specs/specs-avr2'
 /Applications/Arduino.app/Contents/Java/hardware/tools/avr/bin/../libexec/gcc/avr/7.3.0/collect2 -plugin /Applications/Arduino.app/Contents/Java/hardware/tools/avr/bin/../libexec/gcc/avr/7.3.0/liblto_plugin.so -plugin-opt=/Applications/Arduino.app/Contents/Java/hardware/tools/avr/bin/../libexec/gcc/avr/7.3.0/lto-wrapper -plugin-opt=-fresolution=/var/folders/2r/q8vbg3hd42x_q6my4m2pqddh0000gn/T//ccxqlcPt.res -plugin-opt=-pass-through=-lgcc -plugin-opt=-pass-through=-lm -plugin-opt=-pass-through=-lc -o cmTC_b2c09 -L/Applications/Arduino.app/Contents/Java/hardware/tools/avr/bin/../lib/gcc/avr/7.3.0 -L/Applications/Arduino.app/Contents/Java/hardware/tools/avr/bin/../lib/gcc -L/Applications/Arduino.app/Contents/Java/hardware/tools/avr/bin/../lib/gcc/avr/7.3.0/../../../../avr/lib --gc-sections CMakeFiles/cmTC_b2c09.dir/CMakeCCompilerABI.c.obj --start-group -lgcc -lm -lc --end-group
COLLECT_GCC_OPTIONS='-g' '-Os' '-w' '-ffunction-sections' '-fdata-sections' '-MMD' '-w' '-Os' '-v' '-o' 'cmTC_b2c09' '-specs=device-specs/specs-avr2'



Parsed C implicit include dir info from above output: rv=done
  found start of include info
  found start of implicit include info
    add: [/Applications/Arduino.app/Contents/Java/hardware/tools/avr/bin/../lib/gcc/avr/7.3.0/include]
    add: [/Applications/Arduino.app/Contents/Java/hardware/tools/avr/bin/../lib/gcc/avr/7.3.0/include-fixed]
    add: [/Applications/Arduino.app/Contents/Java/hardware/tools/avr/bin/../lib/gcc/avr/7.3.0/../../../../avr/include]
  end of search list found
  collapse include dir [/Applications/Arduino.app/Contents/Java/hardware/tools/avr/bin/../lib/gcc/avr/7.3.0/include] ==> [/Applications/Arduino.app/Contents/Java/hardware/tools/avr/lib/gcc/avr/7.3.0/include]
  collapse include dir [/Applications/Arduino.app/Contents/Java/hardware/tools/avr/bin/../lib/gcc/avr/7.3.0/include-fixed] ==> [/Applications/Arduino.app/Contents/Java/hardware/tools/avr/lib/gcc/avr/7.3.0/include-fixed]
  collapse include dir [/Applications/Arduino.app/Contents/Java/hardware/tools/avr/bin/../lib/gcc/avr/7.3.0/../../../../avr/include] ==> [/Applications/Arduino.app/Contents/Java/hardware/tools/avr/avr/include]
  implicit include dirs: [/Applications/Arduino.app/Contents/Java/hardware/tools/avr/lib/gcc/avr/7.3.0/include;/Applications/Arduino.app/Contents/Java/hardware/tools/avr/lib/gcc/avr/7.3.0/include-fixed;/Applications/Arduino.app/Contents/Java/hardware/tools/avr/avr/include]


Parsed C implicit link information from above output:
  link line regex: [^( *|.*[/\])(avr-ld|CMAKE_LINK_STARTFILE-NOTFOUND|([^/\]+-)?ld|collect2)[^/\]*( |$)]
  ignore line: [Change Dir: /Users/igor/sites/Pet-AVContol/main/cmake-build-debug/CMakeFiles/CMakeTmp]
  ignore line: []
  ignore line: [Run Build Command(s):/usr/bin/make cmTC_b2c09/fast && /Applications/Xcode.app/Contents/Developer/usr/bin/make  -f CMakeFiles/cmTC_b2c09.dir/build.make CMakeFiles/cmTC_b2c09.dir/build]
  ignore line: [Building C object CMakeFiles/cmTC_b2c09.dir/CMakeCCompilerABI.c.obj]
  ignore line: [/Applications/Arduino.app/Contents/Java/hardware/tools/avr/bin/avr-gcc   -g -Os -w -ffunction-sections -fdata-sections -MMD    -v -o CMakeFiles/cmTC_b2c09.dir/CMakeCCompilerABI.c.obj -c /Applications/CLion.app/Contents/bin/cmake/mac/share/cmake-3.19/Modules/CMakeCCompilerABI.c]
  ignore line: [Using built-in specs.]
  ignore line: [Reading specs from /Applications/Arduino.app/Contents/Java/hardware/tools/avr/bin/../lib/gcc/avr/7.3.0/device-specs/specs-avr2]
  ignore line: [COLLECT_GCC=/Applications/Arduino.app/Contents/Java/hardware/tools/avr/bin/avr-gcc]
  ignore line: [Target: avr]
  ignore line: [Configured with: ../gcc/configure --enable-fixed-point --enable-languages=c c++ --prefix=/Users/jenkins/jenkins/workspace/avr-gcc-staging/label/mac-mini/objdir --disable-nls --disable-libssp --disable-libada --disable-shared --with-avrlibc=yes --with-dwarf2 --disable-doc --target=avr]
  ignore line: [Thread model: single]
  ignore line: [gcc version 7.3.0 (GCC) ]
  ignore line: [COLLECT_GCC_OPTIONS='-g' '-Os' '-w' '-ffunction-sections' '-fdata-sections' '-MMD' '-v' '-o' 'CMakeFiles/cmTC_b2c09.dir/CMakeCCompilerABI.c.obj' '-c' '-specs=device-specs/specs-avr2']
  ignore line: [ /Applications/Arduino.app/Contents/Java/hardware/tools/avr/bin/../libexec/gcc/avr/7.3.0/cc1 -quiet -v -iprefix /Applications/Arduino.app/Contents/Java/hardware/tools/avr/bin/../lib/gcc/avr/7.3.0/ -MMD CMakeFiles/cmTC_b2c09.dir/CMakeCCompilerABI.c.d -MQ CMakeFiles/cmTC_b2c09.dir/CMakeCCompilerABI.c.obj /Applications/CLion.app/Contents/bin/cmake/mac/share/cmake-3.19/Modules/CMakeCCompilerABI.c -mn-flash=6 -mskip-bug -quiet -dumpbase CMakeCCompilerABI.c -auxbase-strip CMakeFiles/cmTC_b2c09.dir/CMakeCCompilerABI.c.obj -g -Os -w -version -ffunction-sections -fdata-sections -o /var/folders/2r/q8vbg3hd42x_q6my4m2pqddh0000gn/T//ccNNZTi7.s]
  ignore line: [GNU C11 (GCC) version 7.3.0 (avr)]
  ignore line: [	compiled by GNU C version 4.2.1 Compatible Apple LLVM 8.1.0 (clang-802.0.38)  GMP version 5.0.2  MPFR version 3.1.0  MPC version 0.9  isl version none]
  ignore line: [GGC heuristics: --param ggc-min-expand=100 --param ggc-min-heapsize=131072]
  ignore line: [ignoring nonexistent directory "/Applications/Arduino.app/Contents/Java/hardware/tools/avr/bin/../lib/gcc/avr/7.3.0/../../../../avr/sys-include"]
  ignore line: [ignoring duplicate directory "/Applications/Arduino.app/Contents/Java/hardware/tools/avr/bin/../lib/gcc/../../lib/gcc/avr/7.3.0/include"]
  ignore line: [ignoring duplicate directory "/Applications/Arduino.app/Contents/Java/hardware/tools/avr/bin/../lib/gcc/../../lib/gcc/avr/7.3.0/include-fixed"]
  ignore line: [ignoring nonexistent directory "/Applications/Arduino.app/Contents/Java/hardware/tools/avr/bin/../lib/gcc/../../lib/gcc/avr/7.3.0/../../../../avr/sys-include"]
  ignore line: [ignoring duplicate directory "/Applications/Arduino.app/Contents/Java/hardware/tools/avr/bin/../lib/gcc/../../lib/gcc/avr/7.3.0/../../../../avr/include"]
  ignore line: [#include "..." search starts here:]
  ignore line: [#include <...> search starts here:]
  ignore line: [ /Applications/Arduino.app/Contents/Java/hardware/tools/avr/bin/../lib/gcc/avr/7.3.0/include]
  ignore line: [ /Applications/Arduino.app/Contents/Java/hardware/tools/avr/bin/../lib/gcc/avr/7.3.0/include-fixed]
  ignore line: [ /Applications/Arduino.app/Contents/Java/hardware/tools/avr/bin/../lib/gcc/avr/7.3.0/../../../../avr/include]
  ignore line: [End of search list.]
  ignore line: [GNU C11 (GCC) version 7.3.0 (avr)]
  ignore line: [	compiled by GNU C version 4.2.1 Compatible Apple LLVM 8.1.0 (clang-802.0.38)  GMP version 5.0.2  MPFR version 3.1.0  MPC version 0.9  isl version none]
  ignore line: [GGC heuristics: --param ggc-min-expand=100 --param ggc-min-heapsize=131072]
  ignore line: [Compiler executable checksum: 877db8e667c28afb4384e71038db0373]
  ignore line: [COLLECT_GCC_OPTIONS='-g' '-Os' '-w' '-ffunction-sections' '-fdata-sections' '-MMD' '-v' '-o' 'CMakeFiles/cmTC_b2c09.dir/CMakeCCompilerABI.c.obj' '-c' '-specs=device-specs/specs-avr2']
  ignore line: [ /Applications/Arduino.app/Contents/Java/hardware/tools/avr/bin/../lib/gcc/avr/7.3.0/../../../../avr/bin/as -mmcu=avr2 -o CMakeFiles/cmTC_b2c09.dir/CMakeCCompilerABI.c.obj /var/folders/2r/q8vbg3hd42x_q6my4m2pqddh0000gn/T//ccNNZTi7.s]
  ignore line: [COMPILER_PATH=/Applications/Arduino.app/Contents/Java/hardware/tools/avr/bin/../libexec/gcc/avr/7.3.0/:/Applications/Arduino.app/Contents/Java/hardware/tools/avr/bin/../libexec/gcc/:/Applications/Arduino.app/Contents/Java/hardware/tools/avr/bin/../lib/gcc/avr/7.3.0/../../../../avr/bin/]
  ignore line: [LIBRARY_PATH=/Applications/Arduino.app/Contents/Java/hardware/tools/avr/bin/../lib/gcc/avr/7.3.0/:/Applications/Arduino.app/Contents/Java/hardware/tools/avr/bin/../lib/gcc/:/Applications/Arduino.app/Contents/Java/hardware/tools/avr/bin/../lib/gcc/avr/7.3.0/../../../../avr/lib/]
  ignore line: [COLLECT_GCC_OPTIONS='-g' '-Os' '-w' '-ffunction-sections' '-fdata-sections' '-MMD' '-v' '-o' 'CMakeFiles/cmTC_b2c09.dir/CMakeCCompilerABI.c.obj' '-c' '-specs=device-specs/specs-avr2']
  ignore line: [Linking C executable cmTC_b2c09]
  ignore line: [/Applications/CLion.app/Contents/bin/cmake/mac/bin/cmake -E cmake_link_script CMakeFiles/cmTC_b2c09.dir/link.txt --verbose=1]
  ignore line: [/Applications/Arduino.app/Contents/Java/hardware/tools/avr/bin/avr-gcc -g -Os -w -ffunction-sections -fdata-sections -MMD  -w -Os -Wl --gc-sections -v CMakeFiles/cmTC_b2c09.dir/CMakeCCompilerABI.c.obj -o cmTC_b2c09 ]
  ignore line: [Using built-in specs.]
  ignore line: [Reading specs from /Applications/Arduino.app/Contents/Java/hardware/tools/avr/bin/../lib/gcc/avr/7.3.0/device-specs/specs-avr2]
  ignore line: [COLLECT_GCC=/Applications/Arduino.app/Contents/Java/hardware/tools/avr/bin/avr-gcc]
  ignore line: [COLLECT_LTO_WRAPPER=/Applications/Arduino.app/Contents/Java/hardware/tools/avr/bin/../libexec/gcc/avr/7.3.0/lto-wrapper]
  ignore line: [Target: avr]
  ignore line: [Configured with: ../gcc/configure --enable-fixed-point --enable-languages=c c++ --prefix=/Users/jenkins/jenkins/workspace/avr-gcc-staging/label/mac-mini/objdir --disable-nls --disable-libssp --disable-libada --disable-shared --with-avrlibc=yes --with-dwarf2 --disable-doc --target=avr]
  ignore line: [Thread model: single]
  ignore line: [gcc version 7.3.0 (GCC) ]
  ignore line: [COMPILER_PATH=/Applications/Arduino.app/Contents/Java/hardware/tools/avr/bin/../libexec/gcc/avr/7.3.0/:/Applications/Arduino.app/Contents/Java/hardware/tools/avr/bin/../libexec/gcc/:/Applications/Arduino.app/Contents/Java/hardware/tools/avr/bin/../lib/gcc/avr/7.3.0/../../../../avr/bin/]
  ignore line: [LIBRARY_PATH=/Applications/Arduino.app/Contents/Java/hardware/tools/avr/bin/../lib/gcc/avr/7.3.0/:/Applications/Arduino.app/Contents/Java/hardware/tools/avr/bin/../lib/gcc/:/Applications/Arduino.app/Contents/Java/hardware/tools/avr/bin/../lib/gcc/avr/7.3.0/../../../../avr/lib/]
  ignore line: [COLLECT_GCC_OPTIONS='-g' '-Os' '-w' '-ffunction-sections' '-fdata-sections' '-MMD' '-w' '-Os' '-v' '-o' 'cmTC_b2c09' '-specs=device-specs/specs-avr2']
  link line: [ /Applications/Arduino.app/Contents/Java/hardware/tools/avr/bin/../libexec/gcc/avr/7.3.0/collect2 -plugin /Applications/Arduino.app/Contents/Java/hardware/tools/avr/bin/../libexec/gcc/avr/7.3.0/liblto_plugin.so -plugin-opt=/Applications/Arduino.app/Contents/Java/hardware/tools/avr/bin/../libexec/gcc/avr/7.3.0/lto-wrapper -plugin-opt=-fresolution=/var/folders/2r/q8vbg3hd42x_q6my4m2pqddh0000gn/T//ccxqlcPt.res -plugin-opt=-pass-through=-lgcc -plugin-opt=-pass-through=-lm -plugin-opt=-pass-through=-lc -o cmTC_b2c09 -L/Applications/Arduino.app/Contents/Java/hardware/tools/avr/bin/../lib/gcc/avr/7.3.0 -L/Applications/Arduino.app/Contents/Java/hardware/tools/avr/bin/../lib/gcc -L/Applications/Arduino.app/Contents/Java/hardware/tools/avr/bin/../lib/gcc/avr/7.3.0/../../../../avr/lib --gc-sections CMakeFiles/cmTC_b2c09.dir/CMakeCCompilerABI.c.obj --start-group -lgcc -lm -lc --end-group]
    arg [/Applications/Arduino.app/Contents/Java/hardware/tools/avr/bin/../libexec/gcc/avr/7.3.0/collect2] ==> ignore
    arg [-plugin] ==> ignore
    arg [/Applications/Arduino.app/Contents/Java/hardware/tools/avr/bin/../libexec/gcc/avr/7.3.0/liblto_plugin.so] ==> ignore
    arg [-plugin-opt=/Applications/Arduino.app/Contents/Java/hardware/tools/avr/bin/../libexec/gcc/avr/7.3.0/lto-wrapper] ==> ignore
    arg [-plugin-opt=-fresolution=/var/folders/2r/q8vbg3hd42x_q6my4m2pqddh0000gn/T//ccxqlcPt.res] ==> ignore
    arg [-plugin-opt=-pass-through=-lgcc] ==> ignore
    arg [-plugin-opt=-pass-through=-lm] ==> ignore
    arg [-plugin-opt=-pass-through=-lc] ==> ignore
    arg [-o] ==> ignore
    arg [cmTC_b2c09] ==> ignore
    arg [-L/Applications/Arduino.app/Contents/Java/hardware/tools/avr/bin/../lib/gcc/avr/7.3.0] ==> dir [/Applications/Arduino.app/Contents/Java/hardware/tools/avr/bin/../lib/gcc/avr/7.3.0]
    arg [-L/Applications/Arduino.app/Contents/Java/hardware/tools/avr/bin/../lib/gcc] ==> dir [/Applications/Arduino.app/Contents/Java/hardware/tools/avr/bin/../lib/gcc]
    arg [-L/Applications/Arduino.app/Contents/Java/hardware/tools/avr/bin/../lib/gcc/avr/7.3.0/../../../../avr/lib] ==> dir [/Applications/Arduino.app/Contents/Java/hardware/tools/avr/bin/../lib/gcc/avr/7.3.0/../../../../avr/lib]
    arg [--gc-sections] ==> ignore
    arg [CMakeFiles/cmTC_b2c09.dir/CMakeCCompilerABI.c.obj] ==> ignore
    arg [--start-group] ==> ignore
    arg [-lgcc] ==> lib [gcc]
    arg [-lm] ==> lib [m]
    arg [-lc] ==> lib [c]
    arg [--end-group] ==> ignore
  collapse library dir [/Applications/Arduino.app/Contents/Java/hardware/tools/avr/bin/../lib/gcc/avr/7.3.0] ==> [/Applications/Arduino.app/Contents/Java/hardware/tools/avr/lib/gcc/avr/7.3.0]
  collapse library dir [/Applications/Arduino.app/Contents/Java/hardware/tools/avr/bin/../lib/gcc] ==> [/Applications/Arduino.app/Contents/Java/hardware/tools/avr/lib/gcc]
  collapse library dir [/Applications/Arduino.app/Contents/Java/hardware/tools/avr/bin/../lib/gcc/avr/7.3.0/../../../../avr/lib] ==> [/Applications/Arduino.app/Contents/Java/hardware/tools/avr/avr/lib]
  implicit libs: [gcc;m;c]
  implicit dirs: [/Applications/Arduino.app/Contents/Java/hardware/tools/avr/lib/gcc/avr/7.3.0;/Applications/Arduino.app/Contents/Java/hardware/tools/avr/lib/gcc;/Applications/Arduino.app/Contents/Java/hardware/tools/avr/avr/lib]
  implicit fwks: []


Detecting CXX compiler ABI info compiled with the following output:
Change Dir: /Users/igor/sites/Pet-AVContol/main/cmake-build-debug/CMakeFiles/CMakeTmp

Run Build Command(s):/usr/bin/make cmTC_453d3/fast && /Applications/Xcode.app/Contents/Developer/usr/bin/make  -f CMakeFiles/cmTC_453d3.dir/build.make CMakeFiles/cmTC_453d3.dir/build
Building CXX object CMakeFiles/cmTC_453d3.dir/CMakeCXXCompilerABI.cpp.obj
/Applications/Arduino.app/Contents/Java/hardware/tools/avr/bin/avr-g++   -g -Os -w -fno-exceptions -ffunction-sections -fdata-sections -fno-threadsafe-statics -MMD    -v -o CMakeFiles/cmTC_453d3.dir/CMakeCXXCompilerABI.cpp.obj -c /Applications/CLion.app/Contents/bin/cmake/mac/share/cmake-3.19/Modules/CMakeCXXCompilerABI.cpp
Using built-in specs.
Reading specs from /Applications/Arduino.app/Contents/Java/hardware/tools/avr/bin/../lib/gcc/avr/7.3.0/device-specs/specs-avr2
COLLECT_GCC=/Applications/Arduino.app/Contents/Java/hardware/tools/avr/bin/avr-g++
Target: avr
Configured with: ../gcc/configure --enable-fixed-point --enable-languages=c,c++ --prefix=/Users/jenkins/jenkins/workspace/avr-gcc-staging/label/mac-mini/objdir --disable-nls --disable-libssp --disable-libada --disable-shared --with-avrlibc=yes --with-dwarf2 --disable-doc --target=avr
Thread model: single
gcc version 7.3.0 (GCC) 
COLLECT_GCC_OPTIONS='-g' '-Os' '-w' '-fno-exceptions' '-ffunction-sections' '-fdata-sections' '-fno-threadsafe-statics' '-MMD' '-v' '-o' 'CMakeFiles/cmTC_453d3.dir/CMakeCXXCompilerABI.cpp.obj' '-c' '-specs=device-specs/specs-avr2'
 /Applications/Arduino.app/Contents/Java/hardware/tools/avr/bin/../libexec/gcc/avr/7.3.0/cc1plus -quiet -v -iprefix /Applications/Arduino.app/Contents/Java/hardware/tools/avr/bin/../lib/gcc/avr/7.3.0/ -MMD CMakeFiles/cmTC_453d3.dir/CMakeCXXCompilerABI.cpp.d -MQ CMakeFiles/cmTC_453d3.dir/CMakeCXXCompilerABI.cpp.obj /Applications/CLion.app/Contents/bin/cmake/mac/share/cmake-3.19/Modules/CMakeCXXCompilerABI.cpp -mn-flash=6 -mskip-bug -quiet -dumpbase CMakeCXXCompilerABI.cpp -auxbase-strip CMakeFiles/cmTC_453d3.dir/CMakeCXXCompilerABI.cpp.obj -g -Os -w -version -fno-exceptions -ffunction-sections -fdata-sections -fno-threadsafe-statics -mn-flash=6 -mskip-bug -fno-rtti -fno-enforce-eh-specs -fno-exceptions -o /var/folders/2r/q8vbg3hd42x_q6my4m2pqddh0000gn/T//ccirh1zo.s
GNU C++14 (GCC) version 7.3.0 (avr)
	compiled by GNU C version 4.2.1 Compatible Apple LLVM 8.1.0 (clang-802.0.38), GMP version 5.0.2, MPFR version 3.1.0, MPC version 0.9, isl version none
GGC heuristics: --param ggc-min-expand=100 --param ggc-min-heapsize=131072
ignoring nonexistent directory "/Applications/Arduino.app/Contents/Java/hardware/tools/avr/bin/../lib/gcc/avr/7.3.0/../../../../avr/include/c++/7.3.0"
ignoring nonexistent directory "/Applications/Arduino.app/Contents/Java/hardware/tools/avr/bin/../lib/gcc/avr/7.3.0/../../../../avr/include/c++/7.3.0/avr"
ignoring nonexistent directory "/Applications/Arduino.app/Contents/Java/hardware/tools/avr/bin/../lib/gcc/avr/7.3.0/../../../../avr/include/c++/7.3.0/backward"
ignoring nonexistent directory "/Applications/Arduino.app/Contents/Java/hardware/tools/avr/bin/../lib/gcc/avr/7.3.0/../../../../avr/sys-include"
ignoring nonexistent directory "/Applications/Arduino.app/Contents/Java/hardware/tools/avr/bin/../lib/gcc/../../lib/gcc/avr/7.3.0/../../../../avr/include/c++/7.3.0"
ignoring nonexistent directory "/Applications/Arduino.app/Contents/Java/hardware/tools/avr/bin/../lib/gcc/../../lib/gcc/avr/7.3.0/../../../../avr/include/c++/7.3.0/avr"
ignoring nonexistent directory "/Applications/Arduino.app/Contents/Java/hardware/tools/avr/bin/../lib/gcc/../../lib/gcc/avr/7.3.0/../../../../avr/include/c++/7.3.0/backward"
ignoring duplicate directory "/Applications/Arduino.app/Contents/Java/hardware/tools/avr/bin/../lib/gcc/../../lib/gcc/avr/7.3.0/include"
ignoring duplicate directory "/Applications/Arduino.app/Contents/Java/hardware/tools/avr/bin/../lib/gcc/../../lib/gcc/avr/7.3.0/include-fixed"
ignoring nonexistent directory "/Applications/Arduino.app/Contents/Java/hardware/tools/avr/bin/../lib/gcc/../../lib/gcc/avr/7.3.0/../../../../avr/sys-include"
ignoring duplicate directory "/Applications/Arduino.app/Contents/Java/hardware/tools/avr/bin/../lib/gcc/../../lib/gcc/avr/7.3.0/../../../../avr/include"
#include "..." search starts here:
#include <...> search starts here:
 /Applications/Arduino.app/Contents/Java/hardware/tools/avr/bin/../lib/gcc/avr/7.3.0/include
 /Applications/Arduino.app/Contents/Java/hardware/tools/avr/bin/../lib/gcc/avr/7.3.0/include-fixed
 /Applications/Arduino.app/Contents/Java/hardware/tools/avr/bin/../lib/gcc/avr/7.3.0/../../../../avr/include
End of search list.
GNU C++14 (GCC) version 7.3.0 (avr)
	compiled by GNU C version 4.2.1 Compatible Apple LLVM 8.1.0 (clang-802.0.38), GMP version 5.0.2, MPFR version 3.1.0, MPC version 0.9, isl version none
GGC heuristics: --param ggc-min-expand=100 --param ggc-min-heapsize=131072
Compiler executable checksum: d29517aadee47ae2ad83928b972d8dfb
COLLECT_GCC_OPTIONS='-g' '-Os' '-w' '-fno-exceptions' '-ffunction-sections' '-fdata-sections' '-fno-threadsafe-statics' '-MMD' '-v' '-o' 'CMakeFiles/cmTC_453d3.dir/CMakeCXXCompilerABI.cpp.obj' '-c' '-specs=device-specs/specs-avr2'
 /Applications/Arduino.app/Contents/Java/hardware/tools/avr/bin/../lib/gcc/avr/7.3.0/../../../../avr/bin/as -mmcu=avr2 -o CMakeFiles/cmTC_453d3.dir/CMakeCXXCompilerABI.cpp.obj /var/folders/2r/q8vbg3hd42x_q6my4m2pqddh0000gn/T//ccirh1zo.s
COMPILER_PATH=/Applications/Arduino.app/Contents/Java/hardware/tools/avr/bin/../libexec/gcc/avr/7.3.0/:/Applications/Arduino.app/Contents/Java/hardware/tools/avr/bin/../libexec/gcc/:/Applications/Arduino.app/Contents/Java/hardware/tools/avr/bin/../lib/gcc/avr/7.3.0/../../../../avr/bin/
LIBRARY_PATH=/Applications/Arduino.app/Contents/Java/hardware/tools/avr/bin/../lib/gcc/avr/7.3.0/:/Applications/Arduino.app/Contents/Java/hardware/tools/avr/bin/../lib/gcc/:/Applications/Arduino.app/Contents/Java/hardware/tools/avr/bin/../lib/gcc/avr/7.3.0/../../../../avr/lib/
COLLECT_GCC_OPTIONS='-g' '-Os' '-w' '-fno-exceptions' '-ffunction-sections' '-fdata-sections' '-fno-threadsafe-statics' '-MMD' '-v' '-o' 'CMakeFiles/cmTC_453d3.dir/CMakeCXXCompilerABI.cpp.obj' '-c' '-specs=device-specs/specs-avr2'
Linking CXX executable cmTC_453d3
/Applications/CLion.app/Contents/bin/cmake/mac/bin/cmake -E cmake_link_script CMakeFiles/cmTC_453d3.dir/link.txt --verbose=1
/Applications/Arduino.app/Contents/Java/hardware/tools/avr/bin/avr-g++ -g -Os -w -fno-exceptions -ffunction-sections -fdata-sections -fno-threadsafe-statics -MMD  -w -Os -Wl,--gc-sections -v CMakeFiles/cmTC_453d3.dir/CMakeCXXCompilerABI.cpp.obj -o cmTC_453d3 
Using built-in specs.
Reading specs from /Applications/Arduino.app/Contents/Java/hardware/tools/avr/bin/../lib/gcc/avr/7.3.0/device-specs/specs-avr2
COLLECT_GCC=/Applications/Arduino.app/Contents/Java/hardware/tools/avr/bin/avr-g++
COLLECT_LTO_WRAPPER=/Applications/Arduino.app/Contents/Java/hardware/tools/avr/bin/../libexec/gcc/avr/7.3.0/lto-wrapper
Target: avr
Configured with: ../gcc/configure --enable-fixed-point --enable-languages=c,c++ --prefix=/Users/jenkins/jenkins/workspace/avr-gcc-staging/label/mac-mini/objdir --disable-nls --disable-libssp --disable-libada --disable-shared --with-avrlibc=yes --with-dwarf2 --disable-doc --target=avr
Thread model: single
gcc version 7.3.0 (GCC) 
COMPILER_PATH=/Applications/Arduino.app/Contents/Java/hardware/tools/avr/bin/../libexec/gcc/avr/7.3.0/:/Applications/Arduino.app/Contents/Java/hardware/tools/avr/bin/../libexec/gcc/:/Applications/Arduino.app/Contents/Java/hardware/tools/avr/bin/../lib/gcc/avr/7.3.0/../../../../avr/bin/
LIBRARY_PATH=/Applications/Arduino.app/Contents/Java/hardware/tools/avr/bin/../lib/gcc/avr/7.3.0/:/Applications/Arduino.app/Contents/Java/hardware/tools/avr/bin/../lib/gcc/:/Applications/Arduino.app/Contents/Java/hardware/tools/avr/bin/../lib/gcc/avr/7.3.0/../../../../avr/lib/
COLLECT_GCC_OPTIONS='-g' '-Os' '-w' '-fno-exceptions' '-ffunction-sections' '-fdata-sections' '-fno-threadsafe-statics' '-MMD' '-w' '-Os' '-v' '-o' 'cmTC_453d3' '-specs=device-specs/specs-avr2'
 /Applications/Arduino.app/Contents/Java/hardware/tools/avr/bin/../libexec/gcc/avr/7.3.0/collect2 -plugin /Applications/Arduino.app/Contents/Java/hardware/tools/avr/bin/../libexec/gcc/avr/7.3.0/liblto_plugin.so -plugin-opt=/Applications/Arduino.app/Contents/Java/hardware/tools/avr/bin/../libexec/gcc/avr/7.3.0/lto-wrapper -plugin-opt=-fresolution=/var/folders/2r/q8vbg3hd42x_q6my4m2pqddh0000gn/T//ccDRZdsd.res -plugin-opt=-pass-through=-lgcc -plugin-opt=-pass-through=-lm -plugin-opt=-pass-through=-lc -o cmTC_453d3 -L/Applications/Arduino.app/Contents/Java/hardware/tools/avr/bin/../lib/gcc/avr/7.3.0 -L/Applications/Arduino.app/Contents/Java/hardware/tools/avr/bin/../lib/gcc -L/Applications/Arduino.app/Contents/Java/hardware/tools/avr/bin/../lib/gcc/avr/7.3.0/../../../../avr/lib --gc-sections CMakeFiles/cmTC_453d3.dir/CMakeCXXCompilerABI.cpp.obj -lgcc -lm --start-group -lgcc -lm -lc --end-group
COLLECT_GCC_OPTIONS='-g' '-Os' '-w' '-fno-exceptions' '-ffunction-sections' '-fdata-sections' '-fno-threadsafe-statics' '-MMD' '-w' '-Os' '-v' '-o' 'cmTC_453d3' '-specs=device-specs/specs-avr2'



Parsed CXX implicit include dir info from above output: rv=done
  found start of include info
  found start of implicit include info
    add: [/Applications/Arduino.app/Contents/Java/hardware/tools/avr/bin/../lib/gcc/avr/7.3.0/include]
    add: [/Applications/Arduino.app/Contents/Java/hardware/tools/avr/bin/../lib/gcc/avr/7.3.0/include-fixed]
    add: [/Applications/Arduino.app/Contents/Java/hardware/tools/avr/bin/../lib/gcc/avr/7.3.0/../../../../avr/include]
  end of search list found
  collapse include dir [/Applications/Arduino.app/Contents/Java/hardware/tools/avr/bin/../lib/gcc/avr/7.3.0/include] ==> [/Applications/Arduino.app/Contents/Java/hardware/tools/avr/lib/gcc/avr/7.3.0/include]
  collapse include dir [/Applications/Arduino.app/Contents/Java/hardware/tools/avr/bin/../lib/gcc/avr/7.3.0/include-fixed] ==> [/Applications/Arduino.app/Contents/Java/hardware/tools/avr/lib/gcc/avr/7.3.0/include-fixed]
  collapse include dir [/Applications/Arduino.app/Contents/Java/hardware/tools/avr/bin/../lib/gcc/avr/7.3.0/../../../../avr/include] ==> [/Applications/Arduino.app/Contents/Java/hardware/tools/avr/avr/include]
  implicit include dirs: [/Applications/Arduino.app/Contents/Java/hardware/tools/avr/lib/gcc/avr/7.3.0/include;/Applications/Arduino.app/Contents/Java/hardware/tools/avr/lib/gcc/avr/7.3.0/include-fixed;/Applications/Arduino.app/Contents/Java/hardware/tools/avr/avr/include]


Parsed CXX implicit link information from above output:
  link line regex: [^( *|.*[/\])(avr-ld|CMAKE_LINK_STARTFILE-NOTFOUND|([^/\]+-)?ld|collect2)[^/\]*( |$)]
  ignore line: [Change Dir: /Users/igor/sites/Pet-AVContol/main/cmake-build-debug/CMakeFiles/CMakeTmp]
  ignore line: []
  ignore line: [Run Build Command(s):/usr/bin/make cmTC_453d3/fast && /Applications/Xcode.app/Contents/Developer/usr/bin/make  -f CMakeFiles/cmTC_453d3.dir/build.make CMakeFiles/cmTC_453d3.dir/build]
  ignore line: [Building CXX object CMakeFiles/cmTC_453d3.dir/CMakeCXXCompilerABI.cpp.obj]
  ignore line: [/Applications/Arduino.app/Contents/Java/hardware/tools/avr/bin/avr-g++   -g -Os -w -fno-exceptions -ffunction-sections -fdata-sections -fno-threadsafe-statics -MMD    -v -o CMakeFiles/cmTC_453d3.dir/CMakeCXXCompilerABI.cpp.obj -c /Applications/CLion.app/Contents/bin/cmake/mac/share/cmake-3.19/Modules/CMakeCXXCompilerABI.cpp]
  ignore line: [Using built-in specs.]
  ignore line: [Reading specs from /Applications/Arduino.app/Contents/Java/hardware/tools/avr/bin/../lib/gcc/avr/7.3.0/device-specs/specs-avr2]
  ignore line: [COLLECT_GCC=/Applications/Arduino.app/Contents/Java/hardware/tools/avr/bin/avr-g++]
  ignore line: [Target: avr]
  ignore line: [Configured with: ../gcc/configure --enable-fixed-point --enable-languages=c c++ --prefix=/Users/jenkins/jenkins/workspace/avr-gcc-staging/label/mac-mini/objdir --disable-nls --disable-libssp --disable-libada --disable-shared --with-avrlibc=yes --with-dwarf2 --disable-doc --target=avr]
  ignore line: [Thread model: single]
  ignore line: [gcc version 7.3.0 (GCC) ]
  ignore line: [COLLECT_GCC_OPTIONS='-g' '-Os' '-w' '-fno-exceptions' '-ffunction-sections' '-fdata-sections' '-fno-threadsafe-statics' '-MMD' '-v' '-o' 'CMakeFiles/cmTC_453d3.dir/CMakeCXXCompilerABI.cpp.obj' '-c' '-specs=device-specs/specs-avr2']
  ignore line: [ /Applications/Arduino.app/Contents/Java/hardware/tools/avr/bin/../libexec/gcc/avr/7.3.0/cc1plus -quiet -v -iprefix /Applications/Arduino.app/Contents/Java/hardware/tools/avr/bin/../lib/gcc/avr/7.3.0/ -MMD CMakeFiles/cmTC_453d3.dir/CMakeCXXCompilerABI.cpp.d -MQ CMakeFiles/cmTC_453d3.dir/CMakeCXXCompilerABI.cpp.obj /Applications/CLion.app/Contents/bin/cmake/mac/share/cmake-3.19/Modules/CMakeCXXCompilerABI.cpp -mn-flash=6 -mskip-bug -quiet -dumpbase CMakeCXXCompilerABI.cpp -auxbase-strip CMakeFiles/cmTC_453d3.dir/CMakeCXXCompilerABI.cpp.obj -g -Os -w -version -fno-exceptions -ffunction-sections -fdata-sections -fno-threadsafe-statics -mn-flash=6 -mskip-bug -fno-rtti -fno-enforce-eh-specs -fno-exceptions -o /var/folders/2r/q8vbg3hd42x_q6my4m2pqddh0000gn/T//ccirh1zo.s]
  ignore line: [GNU C++14 (GCC) version 7.3.0 (avr)]
  ignore line: [	compiled by GNU C version 4.2.1 Compatible Apple LLVM 8.1.0 (clang-802.0.38)  GMP version 5.0.2  MPFR version 3.1.0  MPC version 0.9  isl version none]
  ignore line: [GGC heuristics: --param ggc-min-expand=100 --param ggc-min-heapsize=131072]
  ignore line: [ignoring nonexistent directory "/Applications/Arduino.app/Contents/Java/hardware/tools/avr/bin/../lib/gcc/avr/7.3.0/../../../../avr/include/c++/7.3.0"]
  ignore line: [ignoring nonexistent directory "/Applications/Arduino.app/Contents/Java/hardware/tools/avr/bin/../lib/gcc/avr/7.3.0/../../../../avr/include/c++/7.3.0/avr"]
  ignore line: [ignoring nonexistent directory "/Applications/Arduino.app/Contents/Java/hardware/tools/avr/bin/../lib/gcc/avr/7.3.0/../../../../avr/include/c++/7.3.0/backward"]
  ignore line: [ignoring nonexistent directory "/Applications/Arduino.app/Contents/Java/hardware/tools/avr/bin/../lib/gcc/avr/7.3.0/../../../../avr/sys-include"]
  ignore line: [ignoring nonexistent directory "/Applications/Arduino.app/Contents/Java/hardware/tools/avr/bin/../lib/gcc/../../lib/gcc/avr/7.3.0/../../../../avr/include/c++/7.3.0"]
  ignore line: [ignoring nonexistent directory "/Applications/Arduino.app/Contents/Java/hardware/tools/avr/bin/../lib/gcc/../../lib/gcc/avr/7.3.0/../../../../avr/include/c++/7.3.0/avr"]
  ignore line: [ignoring nonexistent directory "/Applications/Arduino.app/Contents/Java/hardware/tools/avr/bin/../lib/gcc/../../lib/gcc/avr/7.3.0/../../../../avr/include/c++/7.3.0/backward"]
  ignore line: [ignoring duplicate directory "/Applications/Arduino.app/Contents/Java/hardware/tools/avr/bin/../lib/gcc/../../lib/gcc/avr/7.3.0/include"]
  ignore line: [ignoring duplicate directory "/Applications/Arduino.app/Contents/Java/hardware/tools/avr/bin/../lib/gcc/../../lib/gcc/avr/7.3.0/include-fixed"]
  ignore line: [ignoring nonexistent directory "/Applications/Arduino.app/Contents/Java/hardware/tools/avr/bin/../lib/gcc/../../lib/gcc/avr/7.3.0/../../../../avr/sys-include"]
  ignore line: [ignoring duplicate directory "/Applications/Arduino.app/Contents/Java/hardware/tools/avr/bin/../lib/gcc/../../lib/gcc/avr/7.3.0/../../../../avr/include"]
  ignore line: [#include "..." search starts here:]
  ignore line: [#include <...> search starts here:]
  ignore line: [ /Applications/Arduino.app/Contents/Java/hardware/tools/avr/bin/../lib/gcc/avr/7.3.0/include]
  ignore line: [ /Applications/Arduino.app/Contents/Java/hardware/tools/avr/bin/../lib/gcc/avr/7.3.0/include-fixed]
  ignore line: [ /Applications/Arduino.app/Contents/Java/hardware/tools/avr/bin/../lib/gcc/avr/7.3.0/../../../../avr/include]
  ignore line: [End of search list.]
  ignore line: [GNU C++14 (GCC) version 7.3.0 (avr)]
  ignore line: [	compiled by GNU C version 4.2.1 Compatible Apple LLVM 8.1.0 (clang-802.0.38)  GMP version 5.0.2  MPFR version 3.1.0  MPC version 0.9  isl version none]
  ignore line: [GGC heuristics: --param ggc-min-expand=100 --param ggc-min-heapsize=131072]
  ignore line: [Compiler executable checksum: d29517aadee47ae2ad83928b972d8dfb]
  ignore line: [COLLECT_GCC_OPTIONS='-g' '-Os' '-w' '-fno-exceptions' '-ffunction-sections' '-fdata-sections' '-fno-threadsafe-statics' '-MMD' '-v' '-o' 'CMakeFiles/cmTC_453d3.dir/CMakeCXXCompilerABI.cpp.obj' '-c' '-specs=device-specs/specs-avr2']
  ignore line: [ /Applications/Arduino.app/Contents/Java/hardware/tools/avr/bin/../lib/gcc/avr/7.3.0/../../../../avr/bin/as -mmcu=avr2 -o CMakeFiles/cmTC_453d3.dir/CMakeCXXCompilerABI.cpp.obj /var/folders/2r/q8vbg3hd42x_q6my4m2pqddh0000gn/T//ccirh1zo.s]
  ignore line: [COMPILER_PATH=/Applications/Arduino.app/Contents/Java/hardware/tools/avr/bin/../libexec/gcc/avr/7.3.0/:/Applications/Arduino.app/Contents/Java/hardware/tools/avr/bin/../libexec/gcc/:/Applications/Arduino.app/Contents/Java/hardware/tools/avr/bin/../lib/gcc/avr/7.3.0/../../../../avr/bin/]
  ignore line: [LIBRARY_PATH=/Applications/Arduino.app/Contents/Java/hardware/tools/avr/bin/../lib/gcc/avr/7.3.0/:/Applications/Arduino.app/Contents/Java/hardware/tools/avr/bin/../lib/gcc/:/Applications/Arduino.app/Contents/Java/hardware/tools/avr/bin/../lib/gcc/avr/7.3.0/../../../../avr/lib/]
  ignore line: [COLLECT_GCC_OPTIONS='-g' '-Os' '-w' '-fno-exceptions' '-ffunction-sections' '-fdata-sections' '-fno-threadsafe-statics' '-MMD' '-v' '-o' 'CMakeFiles/cmTC_453d3.dir/CMakeCXXCompilerABI.cpp.obj' '-c' '-specs=device-specs/specs-avr2']
  ignore line: [Linking CXX executable cmTC_453d3]
  ignore line: [/Applications/CLion.app/Contents/bin/cmake/mac/bin/cmake -E cmake_link_script CMakeFiles/cmTC_453d3.dir/link.txt --verbose=1]
  ignore line: [/Applications/Arduino.app/Contents/Java/hardware/tools/avr/bin/avr-g++ -g -Os -w -fno-exceptions -ffunction-sections -fdata-sections -fno-threadsafe-statics -MMD  -w -Os -Wl --gc-sections -v CMakeFiles/cmTC_453d3.dir/CMakeCXXCompilerABI.cpp.obj -o cmTC_453d3 ]
  ignore line: [Using built-in specs.]
  ignore line: [Reading specs from /Applications/Arduino.app/Contents/Java/hardware/tools/avr/bin/../lib/gcc/avr/7.3.0/device-specs/specs-avr2]
  ignore line: [COLLECT_GCC=/Applications/Arduino.app/Contents/Java/hardware/tools/avr/bin/avr-g++]
  ignore line: [COLLECT_LTO_WRAPPER=/Applications/Arduino.app/Contents/Java/hardware/tools/avr/bin/../libexec/gcc/avr/7.3.0/lto-wrapper]
  ignore line: [Target: avr]
  ignore line: [Configured with: ../gcc/configure --enable-fixed-point --enable-languages=c c++ --prefix=/Users/jenkins/jenkins/workspace/avr-gcc-staging/label/mac-mini/objdir --disable-nls --disable-libssp --disable-libada --disable-shared --with-avrlibc=yes --with-dwarf2 --disable-doc --target=avr]
  ignore line: [Thread model: single]
  ignore line: [gcc version 7.3.0 (GCC) ]
  ignore line: [COMPILER_PATH=/Applications/Arduino.app/Contents/Java/hardware/tools/avr/bin/../libexec/gcc/avr/7.3.0/:/Applications/Arduino.app/Contents/Java/hardware/tools/avr/bin/../libexec/gcc/:/Applications/Arduino.app/Contents/Java/hardware/tools/avr/bin/../lib/gcc/avr/7.3.0/../../../../avr/bin/]
  ignore line: [LIBRARY_PATH=/Applications/Arduino.app/Contents/Java/hardware/tools/avr/bin/../lib/gcc/avr/7.3.0/:/Applications/Arduino.app/Contents/Java/hardware/tools/avr/bin/../lib/gcc/:/Applications/Arduino.app/Contents/Java/hardware/tools/avr/bin/../lib/gcc/avr/7.3.0/../../../../avr/lib/]
  ignore line: [COLLECT_GCC_OPTIONS='-g' '-Os' '-w' '-fno-exceptions' '-ffunction-sections' '-fdata-sections' '-fno-threadsafe-statics' '-MMD' '-w' '-Os' '-v' '-o' 'cmTC_453d3' '-specs=device-specs/specs-avr2']
  link line: [ /Applications/Arduino.app/Contents/Java/hardware/tools/avr/bin/../libexec/gcc/avr/7.3.0/collect2 -plugin /Applications/Arduino.app/Contents/Java/hardware/tools/avr/bin/../libexec/gcc/avr/7.3.0/liblto_plugin.so -plugin-opt=/Applications/Arduino.app/Contents/Java/hardware/tools/avr/bin/../libexec/gcc/avr/7.3.0/lto-wrapper -plugin-opt=-fresolution=/var/folders/2r/q8vbg3hd42x_q6my4m2pqddh0000gn/T//ccDRZdsd.res -plugin-opt=-pass-through=-lgcc -plugin-opt=-pass-through=-lm -plugin-opt=-pass-through=-lc -o cmTC_453d3 -L/Applications/Arduino.app/Contents/Java/hardware/tools/avr/bin/../lib/gcc/avr/7.3.0 -L/Applications/Arduino.app/Contents/Java/hardware/tools/avr/bin/../lib/gcc -L/Applications/Arduino.app/Contents/Java/hardware/tools/avr/bin/../lib/gcc/avr/7.3.0/../../../../avr/lib --gc-sections CMakeFiles/cmTC_453d3.dir/CMakeCXXCompilerABI.cpp.obj -lgcc -lm --start-group -lgcc -lm -lc --end-group]
    arg [/Applications/Arduino.app/Contents/Java/hardware/tools/avr/bin/../libexec/gcc/avr/7.3.0/collect2] ==> ignore
    arg [-plugin] ==> ignore
    arg [/Applications/Arduino.app/Contents/Java/hardware/tools/avr/bin/../libexec/gcc/avr/7.3.0/liblto_plugin.so] ==> ignore
    arg [-plugin-opt=/Applications/Arduino.app/Contents/Java/hardware/tools/avr/bin/../libexec/gcc/avr/7.3.0/lto-wrapper] ==> ignore
    arg [-plugin-opt=-fresolution=/var/folders/2r/q8vbg3hd42x_q6my4m2pqddh0000gn/T//ccDRZdsd.res] ==> ignore
    arg [-plugin-opt=-pass-through=-lgcc] ==> ignore
    arg [-plugin-opt=-pass-through=-lm] ==> ignore
    arg [-plugin-opt=-pass-through=-lc] ==> ignore
    arg [-o] ==> ignore
    arg [cmTC_453d3] ==> ignore
    arg [-L/Applications/Arduino.app/Contents/Java/hardware/tools/avr/bin/../lib/gcc/avr/7.3.0] ==> dir [/Applications/Arduino.app/Contents/Java/hardware/tools/avr/bin/../lib/gcc/avr/7.3.0]
    arg [-L/Applications/Arduino.app/Contents/Java/hardware/tools/avr/bin/../lib/gcc] ==> dir [/Applications/Arduino.app/Contents/Java/hardware/tools/avr/bin/../lib/gcc]
    arg [-L/Applications/Arduino.app/Contents/Java/hardware/tools/avr/bin/../lib/gcc/avr/7.3.0/../../../../avr/lib] ==> dir [/Applications/Arduino.app/Contents/Java/hardware/tools/avr/bin/../lib/gcc/avr/7.3.0/../../../../avr/lib]
    arg [--gc-sections] ==> ignore
    arg [CMakeFiles/cmTC_453d3.dir/CMakeCXXCompilerABI.cpp.obj] ==> ignore
    arg [-lgcc] ==> lib [gcc]
    arg [-lm] ==> lib [m]
    arg [--start-group] ==> ignore
    arg [-lgcc] ==> lib [gcc]
    arg [-lm] ==> lib [m]
    arg [-lc] ==> lib [c]
    arg [--end-group] ==> ignore
  collapse library dir [/Applications/Arduino.app/Contents/Java/hardware/tools/avr/bin/../lib/gcc/avr/7.3.0] ==> [/Applications/Arduino.app/Contents/Java/hardware/tools/avr/lib/gcc/avr/7.3.0]
  collapse library dir [/Applications/Arduino.app/Contents/Java/hardware/tools/avr/bin/../lib/gcc] ==> [/Applications/Arduino.app/Contents/Java/hardware/tools/avr/lib/gcc]
  collapse library dir [/Applications/Arduino.app/Contents/Java/hardware/tools/avr/bin/../lib/gcc/avr/7.3.0/../../../../avr/lib] ==> [/Applications/Arduino.app/Contents/Java/hardware/tools/avr/avr/lib]
  implicit libs: [gcc;m;gcc;m;c]
  implicit dirs: [/Applications/Arduino.app/Contents/Java/hardware/tools/avr/lib/gcc/avr/7.3.0;/Applications/Arduino.app/Contents/Java/hardware/tools/avr/lib/gcc;/Applications/Arduino.app/Contents/Java/hardware/tools/avr/avr/lib]
  implicit fwks: []


